--------------- Build Started: 05/13/2015 14:03:18 Project: arm_controller_v2.1, Configuration: ARM GCC 4.8.4 Debug ---------------
cydsfit.exe -.appdatapath "C:\Users\Samuel\AppData\Local\Cypress Semiconductor\PSoC Creator\3.1" -.fdsnotice -.fdswarpdepfile=warp_dependencies.txt -.fdselabdepfile=elab_dependencies.txt -.fdsbldfile=generated_files.txt -p C:\Users\Samuel\Documents\GitHub\Arm\arm_controller_v2\arm_controller_v2.2.cydsn\arm_controller_v2.2.cyprj -d CY8C4245AXI-483 -s C:\Users\Samuel\Documents\GitHub\Arm\arm_controller_v2\arm_controller_v2.2.cydsn\Generated_Source\PSoC4 -- -yv2 -q10 -ygs -o2 -v3 -.fftcfgtype=LE
Elaborating Design...
ADD: pft.M0111: information: One or more rows of flash have been configured to be protected; however, debugging has been enabled in the System DWR Editor. This means that while write restrictions are honored flash rows can still be read via SWD or JTAG. To prevent any ability to read the flash rows, disable debugging in the System DWR Editor.
 * C:\Users\Samuel\Documents\GitHub\Arm\arm_controller_v2\arm_controller_v2.2.cydsn\arm_controller_v2.1.cydwr (Chip Protection)
HDL Generation ...
Synthesis ...
Place and Route ...
Tech mapping ...
Analog Placement ...
Analog Routing ...
Analog Code Generation ...
Digital Placement ...
Digital Routing ...
Bitstream Generation ...
Static timing analysis ...
API Generation ...
Dependency Generation ...
Clean Temporary Files ...
arm-none-eabi-gcc.exe -mcpu=cortex-m0 -mthumb -Wno-main -I. -I.\Generated_Source\PSoC4 -Wa,-alh=.\CortexM0\ARM_GCC_484\Debug/main.lst -g -D DEBUG -Wall -ffunction-sections -O0 -std=gnu99 -c .\main.c -o .\CortexM0\ARM_GCC_484\Debug\main.o
.\main.c: In function 'fill_data_array':
.\main.c:495:5: warning: pointer targets in passing argument 1 of 'wiznetReadUdpFrame' differ in signedness [-Wpointer-sign]
     wiznetReadUdpFrame(data_array, DATA_ARRAY_SIZE);
     ^
In file included from .\main.h:13:0,
                 from .\main.c:5:
.\wiznet5500.h:78:10: note: expected 'uint8_t *' but argument is of type 'int8 *'
 uint16_t wiznetReadUdpFrame(uint8_t *, uint8_t);
          ^
.\main.c: In function 'wristTilt':
.\main.c:518:12: warning: unused variable 'avg' [-Wunused-variable]
     uint16 avg;
            ^
.\main.c:517:11: warning: unused variable 'i' [-Wunused-variable]
     uint8 i;
           ^
.\main.c: In function 'wristRotate':
.\main.c:627:12: warning: unused variable 'avg' [-Wunused-variable]
     uint16 avg;
            ^
.\main.c:626:11: warning: unused variable 'i' [-Wunused-variable]
     uint8 i;
           ^
.\main.c: In function 'elbow':
.\main.c:750:12: warning: unused variable 'avg' [-Wunused-variable]
     uint16 avg;
            ^
.\main.c:749:11: warning: unused variable 'i' [-Wunused-variable]
     uint8 i;
           ^
.\main.c: In function 'shoulder':
.\main.c:953:12: warning: unused variable 'avg' [-Wunused-variable]
     uint16 avg;
            ^
.\main.c:952:11: warning: unused variable 'i' [-Wunused-variable]
     uint8 i;
           ^
.\main.c: In function 'baseAzimuth':
.\main.c:1155:12: warning: unused variable 'avg' [-Wunused-variable]
     uint16 avg;
            ^
.\main.c:1154:11: warning: unused variable 'i' [-Wunused-variable]
     uint8 i;
           ^
.\main.c: In function 'arduino':
.\main.c:1367:28: warning: 'video_mux' may be used uninitialized in this function [-Wmaybe-uninitialized]
             pack_for_rover = video_mux | laser;
                            ^
.\main.c:1367:28: warning: 'laser' may be used uninitialized in this function [-Wmaybe-uninitialized]
arm-none-eabi-gcc.exe -mcpu=cortex-m0 -mthumb -Wno-main -I. -I.\Generated_Source\PSoC4 -Wa,-alh=.\CortexM0\ARM_GCC_484\Debug/spi.lst -g -D DEBUG -Wall -ffunction-sections -O0 -std=gnu99 -c .\spi.c -o .\CortexM0\ARM_GCC_484\Debug\spi.o
arm-none-eabi-gcc.exe -mcpu=cortex-m0 -mthumb -Wno-main -I. -I.\Generated_Source\PSoC4 -Wa,-alh=.\CortexM0\ARM_GCC_484\Debug/wiznet5500.lst -g -D DEBUG -Wall -ffunction-sections -O0 -std=gnu99 -c .\wiznet5500.c -o .\CortexM0\ARM_GCC_484\Debug\wiznet5500.o
.\wiznet5500.c: In function 'wiznetReceive':
.\wiznet5500.c:104:11: warning: unused variable 'recvSize' [-Wunused-variable]
  uint16_t recvSize;
           ^
.\wiznet5500.c: In function 'wiznetPrintRegisters':
.\wiznet5500.c:162:2: warning: implicit declaration of function 'printf' [-Wimplicit-function-declaration]
  printf("\n\t");
  ^
.\wiznet5500.c:162:2: warning: incompatible implicit declaration of built-in function 'printf' [enabled by default]
arm-none-eabi-gcc.exe -mcpu=cortex-m0 -mthumb -Wno-main -I. -I.\Generated_Source\PSoC4 -Wa,-alh=.\CortexM0\ARM_GCC_484\Debug/cyfitter_cfg.lst -g -D DEBUG -Wall -ffunction-sections -O0 -std=gnu99 -c .\Generated_Source\PSoC4\cyfitter_cfg.c -o .\CortexM0\ARM_GCC_484\Debug\cyfitter_cfg.o
arm-none-eabi-gcc.exe -mcpu=cortex-m0 -mthumb -Wno-main -I. -I.\Generated_Source\PSoC4 -Wa,-alh=.\CortexM0\ARM_GCC_484\Debug/cybootloader.lst -g -D DEBUG -Wall -ffunction-sections -O0 -std=gnu99 -c .\Generated_Source\PSoC4\cybootloader.c -o .\CortexM0\ARM_GCC_484\Debug\cybootloader.o
arm-none-eabi-gcc.exe -mcpu=cortex-m0 -mthumb -Wno-main -I. -I.\Generated_Source\PSoC4 -Wa,-alh=.\CortexM0\ARM_GCC_484\Debug/cymetadata.lst -g -D DEBUG -Wall -ffunction-sections -O0 -std=gnu99 -c .\Generated_Source\PSoC4\cymetadata.c -o .\CortexM0\ARM_GCC_484\Debug\cymetadata.o
arm-none-eabi-gcc.exe -mcpu=cortex-m0 -mthumb -Wno-main -I. -I.\Generated_Source\PSoC4 -Wa,-alh=.\CortexM0\ARM_GCC_484\Debug/Clock_counter.lst -g -D DEBUG -Wall -ffunction-sections -O0 -std=gnu99 -c .\Generated_Source\PSoC4\Clock_counter.c -o .\CortexM0\ARM_GCC_484\Debug\Clock_counter.o
arm-none-eabi-gcc.exe -mcpu=cortex-m0 -mthumb -Wno-main -I. -I.\Generated_Source\PSoC4 -Wa,-alh=.\CortexM0\ARM_GCC_484\Debug/Clock_pwm.lst -g -D DEBUG -Wall -ffunction-sections -O0 -std=gnu99 -c .\Generated_Source\PSoC4\Clock_pwm.c -o .\CortexM0\ARM_GCC_484\Debug\Clock_pwm.o
arm-none-eabi-gcc.exe -mcpu=cortex-m0 -mthumb -Wno-main -I. -I.\Generated_Source\PSoC4 -Wa,-alh=.\CortexM0\ARM_GCC_484\Debug/Bootloadable_1.lst -g -D DEBUG -Wall -ffunction-sections -O0 -std=gnu99 -c .\Generated_Source\PSoC4\Bootloadable_1.c -o .\CortexM0\ARM_GCC_484\Debug\Bootloadable_1.o
arm-none-eabi-gcc.exe -mcpu=cortex-m0 -mthumb -Wno-main -I. -I.\Generated_Source\PSoC4 -Wa,-alh=.\CortexM0\ARM_GCC_484\Debug/isr_1.lst -g -D DEBUG -Wall -ffunction-sections -O0 -std=gnu99 -c .\Generated_Source\PSoC4\isr_1.c -o .\CortexM0\ARM_GCC_484\Debug\isr_1.o
arm-none-eabi-gcc.exe -mcpu=cortex-m0 -mthumb -Wno-main -I. -I.\Generated_Source\PSoC4 -Wa,-alh=.\CortexM0\ARM_GCC_484\Debug/LED.lst -g -D DEBUG -Wall -ffunction-sections -O0 -std=gnu99 -c .\Generated_Source\PSoC4\LED.c -o .\CortexM0\ARM_GCC_484\Debug\LED.o
arm-none-eabi-gcc.exe -mcpu=cortex-m0 -mthumb -Wno-main -I. -I.\Generated_Source\PSoC4 -Wa,-alh=.\CortexM0\ARM_GCC_484\Debug/Timer_1.lst -g -D DEBUG -Wall -ffunction-sections -O0 -std=gnu99 -c .\Generated_Source\PSoC4\Timer_1.c -o .\CortexM0\ARM_GCC_484\Debug\Timer_1.o
arm-none-eabi-gcc.exe -mcpu=cortex-m0 -mthumb -Wno-main -I. -I.\Generated_Source\PSoC4 -Wa,-alh=.\CortexM0\ARM_GCC_484\Debug/Timer_1_PM.lst -g -D DEBUG -Wall -ffunction-sections -O0 -std=gnu99 -c .\Generated_Source\PSoC4\Timer_1_PM.c -o .\CortexM0\ARM_GCC_484\Debug\Timer_1_PM.o
arm-none-eabi-gcc.exe -mcpu=cortex-m0 -mthumb -Wno-main -I. -I.\Generated_Source\PSoC4 -Wa,-alh=.\CortexM0\ARM_GCC_484\Debug/Cm0Start.lst -g -D DEBUG -Wall -ffunction-sections -O0 -std=gnu99 -c .\Generated_Source\PSoC4\Cm0Start.c -o .\CortexM0\ARM_GCC_484\Debug\Cm0Start.o
arm-none-eabi-as.exe -mcpu=cortex-m0 -mthumb -I. -I.\Generated_Source\PSoC4 -alh=.\CortexM0\ARM_GCC_484\Debug/CyBootAsmGnu.lst -g -W -o .\CortexM0\ARM_GCC_484\Debug\CyBootAsmGnu.o .\Generated_Source\PSoC4\CyBootAsmGnu.s
arm-none-eabi-gcc.exe -mcpu=cortex-m0 -mthumb -Wno-main -I. -I.\Generated_Source\PSoC4 -Wa,-alh=.\CortexM0\ARM_GCC_484\Debug/CyFlash.lst -g -D DEBUG -Wall -ffunction-sections -O0 -std=gnu99 -c .\Generated_Source\PSoC4\CyFlash.c -o .\CortexM0\ARM_GCC_484\Debug\CyFlash.o
arm-none-eabi-gcc.exe -mcpu=cortex-m0 -mthumb -Wno-main -I. -I.\Generated_Source\PSoC4 -Wa,-alh=.\CortexM0\ARM_GCC_484\Debug/CyLib.lst -g -D DEBUG -Wall -ffunction-sections -O0 -std=gnu99 -c .\Generated_Source\PSoC4\CyLib.c -o .\CortexM0\ARM_GCC_484\Debug\CyLib.o
arm-none-eabi-gcc.exe -mcpu=cortex-m0 -mthumb -Wno-main -I. -I.\Generated_Source\PSoC4 -Wa,-alh=.\CortexM0\ARM_GCC_484\Debug/cyPm.lst -g -D DEBUG -Wall -ffunction-sections -O0 -std=gnu99 -c .\Generated_Source\PSoC4\cyPm.c -o .\CortexM0\ARM_GCC_484\Debug\cyPm.o
arm-none-eabi-gcc.exe -mcpu=cortex-m0 -mthumb -Wno-main -I. -I.\Generated_Source\PSoC4 -Wa,-alh=.\CortexM0\ARM_GCC_484\Debug/cyutils.lst -g -D DEBUG -Wall -ffunction-sections -O0 -std=gnu99 -c .\Generated_Source\PSoC4\cyutils.c -o .\CortexM0\ARM_GCC_484\Debug\cyutils.o
arm-none-eabi-gcc.exe -mcpu=cortex-m0 -mthumb -Wno-main -I. -I.\Generated_Source\PSoC4 -Wa,-alh=.\CortexM0\ARM_GCC_484\Debug/WIZ_RDY.lst -g -D DEBUG -Wall -ffunction-sections -O0 -std=gnu99 -c .\Generated_Source\PSoC4\WIZ_RDY.c -o .\CortexM0\ARM_GCC_484\Debug\WIZ_RDY.o
arm-none-eabi-gcc.exe -mcpu=cortex-m0 -mthumb -Wno-main -I. -I.\Generated_Source\PSoC4 -Wa,-alh=.\CortexM0\ARM_GCC_484\Debug/WIZ_INT.lst -g -D DEBUG -Wall -ffunction-sections -O0 -std=gnu99 -c .\Generated_Source\PSoC4\WIZ_INT.c -o .\CortexM0\ARM_GCC_484\Debug\WIZ_INT.o
arm-none-eabi-gcc.exe -mcpu=cortex-m0 -mthumb -Wno-main -I. -I.\Generated_Source\PSoC4 -Wa,-alh=.\CortexM0\ARM_GCC_484\Debug/WIZ_RST.lst -g -D DEBUG -Wall -ffunction-sections -O0 -std=gnu99 -c .\Generated_Source\PSoC4\WIZ_RST.c -o .\CortexM0\ARM_GCC_484\Debug\WIZ_RST.o
arm-none-eabi-gcc.exe -mcpu=cortex-m0 -mthumb -Wno-main -I. -I.\Generated_Source\PSoC4 -Wa,-alh=.\CortexM0\ARM_GCC_484\Debug/WIZ_SS.lst -g -D DEBUG -Wall -ffunction-sections -O0 -std=gnu99 -c .\Generated_Source\PSoC4\WIZ_SS.c -o .\CortexM0\ARM_GCC_484\Debug\WIZ_SS.o
arm-none-eabi-gcc.exe -mcpu=cortex-m0 -mthumb -Wno-main -I. -I.\Generated_Source\PSoC4 -Wa,-alh=.\CortexM0\ARM_GCC_484\Debug/elbow.lst -g -D DEBUG -Wall -ffunction-sections -O0 -std=gnu99 -c .\Generated_Source\PSoC4\elbow.c -o .\CortexM0\ARM_GCC_484\Debug\elbow.o
arm-none-eabi-gcc.exe -mcpu=cortex-m0 -mthumb -Wno-main -I. -I.\Generated_Source\PSoC4 -Wa,-alh=.\CortexM0\ARM_GCC_484\Debug/baseAzimuth.lst -g -D DEBUG -Wall -ffunction-sections -O0 -std=gnu99 -c .\Generated_Source\PSoC4\baseAzimuth.c -o .\CortexM0\ARM_GCC_484\Debug\baseAzimuth.o
arm-none-eabi-gcc.exe -mcpu=cortex-m0 -mthumb -Wno-main -I. -I.\Generated_Source\PSoC4 -Wa,-alh=.\CortexM0\ARM_GCC_484\Debug/ADC.lst -g -D DEBUG -Wall -ffunction-sections -O0 -std=gnu99 -c .\Generated_Source\PSoC4\ADC.c -o .\CortexM0\ARM_GCC_484\Debug\ADC.o
arm-none-eabi-gcc.exe -mcpu=cortex-m0 -mthumb -Wno-main -I. -I.\Generated_Source\PSoC4 -Wa,-alh=.\CortexM0\ARM_GCC_484\Debug/ADC_PM.lst -g -D DEBUG -Wall -ffunction-sections -O0 -std=gnu99 -c .\Generated_Source\PSoC4\ADC_PM.c -o .\CortexM0\ARM_GCC_484\Debug\ADC_PM.o
arm-none-eabi-gcc.exe -mcpu=cortex-m0 -mthumb -Wno-main -I. -I.\Generated_Source\PSoC4 -Wa,-alh=.\CortexM0\ARM_GCC_484\Debug/ADC_INT.lst -g -D DEBUG -Wall -ffunction-sections -O0 -std=gnu99 -c .\Generated_Source\PSoC4\ADC_INT.c -o .\CortexM0\ARM_GCC_484\Debug\ADC_INT.o
arm-none-eabi-gcc.exe -mcpu=cortex-m0 -mthumb -Wno-main -I. -I.\Generated_Source\PSoC4 -Wa,-alh=.\CortexM0\ARM_GCC_484\Debug/pot_elbow.lst -g -D DEBUG -Wall -ffunction-sections -O0 -std=gnu99 -c .\Generated_Source\PSoC4\pot_elbow.c -o .\CortexM0\ARM_GCC_484\Debug\pot_elbow.o
arm-none-eabi-gcc.exe -mcpu=cortex-m0 -mthumb -Wno-main -I. -I.\Generated_Source\PSoC4 -Wa,-alh=.\CortexM0\ARM_GCC_484\Debug/pot_shoulder.lst -g -D DEBUG -Wall -ffunction-sections -O0 -std=gnu99 -c .\Generated_Source\PSoC4\pot_shoulder.c -o .\CortexM0\ARM_GCC_484\Debug\pot_shoulder.o
arm-none-eabi-gcc.exe -mcpu=cortex-m0 -mthumb -Wno-main -I. -I.\Generated_Source\PSoC4 -Wa,-alh=.\CortexM0\ARM_GCC_484\Debug/ADC_IRQ.lst -g -D DEBUG -Wall -ffunction-sections -O0 -std=gnu99 -c .\Generated_Source\PSoC4\ADC_IRQ.c -o .\CortexM0\ARM_GCC_484\Debug\ADC_IRQ.o
arm-none-eabi-gcc.exe -mcpu=cortex-m0 -mthumb -Wno-main -I. -I.\Generated_Source\PSoC4 -Wa,-alh=.\CortexM0\ARM_GCC_484\Debug/ADC_intClock.lst -g -D DEBUG -Wall -ffunction-sections -O0 -std=gnu99 -c .\Generated_Source\PSoC4\ADC_intClock.c -o .\CortexM0\ARM_GCC_484\Debug\ADC_intClock.o
arm-none-eabi-gcc.exe -mcpu=cortex-m0 -mthumb -Wno-main -I. -I.\Generated_Source\PSoC4 -Wa,-alh=.\CortexM0\ARM_GCC_484\Debug/shoulder.lst -g -D DEBUG -Wall -ffunction-sections -O0 -std=gnu99 -c .\Generated_Source\PSoC4\shoulder.c -o .\CortexM0\ARM_GCC_484\Debug\shoulder.o
arm-none-eabi-gcc.exe -mcpu=cortex-m0 -mthumb -Wno-main -I. -I.\Generated_Source\PSoC4 -Wa,-alh=.\CortexM0\ARM_GCC_484\Debug/BA_PWM.lst -g -D DEBUG -Wall -ffunction-sections -O0 -std=gnu99 -c .\Generated_Source\PSoC4\BA_PWM.c -o .\CortexM0\ARM_GCC_484\Debug\BA_PWM.o
arm-none-eabi-gcc.exe -mcpu=cortex-m0 -mthumb -Wno-main -I. -I.\Generated_Source\PSoC4 -Wa,-alh=.\CortexM0\ARM_GCC_484\Debug/BA_PWM_PM.lst -g -D DEBUG -Wall -ffunction-sections -O0 -std=gnu99 -c .\Generated_Source\PSoC4\BA_PWM_PM.c -o .\CortexM0\ARM_GCC_484\Debug\BA_PWM_PM.o
arm-none-eabi-gcc.exe -mcpu=cortex-m0 -mthumb -Wno-main -I. -I.\Generated_Source\PSoC4 -Wa,-alh=.\CortexM0\ARM_GCC_484\Debug/ELBW_PWM.lst -g -D DEBUG -Wall -ffunction-sections -O0 -std=gnu99 -c .\Generated_Source\PSoC4\ELBW_PWM.c -o .\CortexM0\ARM_GCC_484\Debug\ELBW_PWM.o
arm-none-eabi-gcc.exe -mcpu=cortex-m0 -mthumb -Wno-main -I. -I.\Generated_Source\PSoC4 -Wa,-alh=.\CortexM0\ARM_GCC_484\Debug/ELBW_PWM_PM.lst -g -D DEBUG -Wall -ffunction-sections -O0 -std=gnu99 -c .\Generated_Source\PSoC4\ELBW_PWM_PM.c -o .\CortexM0\ARM_GCC_484\Debug\ELBW_PWM_PM.o
arm-none-eabi-gcc.exe -mcpu=cortex-m0 -mthumb -Wno-main -I. -I.\Generated_Source\PSoC4 -Wa,-alh=.\CortexM0\ARM_GCC_484\Debug/SHLDR_PWM.lst -g -D DEBUG -Wall -ffunction-sections -O0 -std=gnu99 -c .\Generated_Source\PSoC4\SHLDR_PWM.c -o .\CortexM0\ARM_GCC_484\Debug\SHLDR_PWM.o
arm-none-eabi-gcc.exe -mcpu=cortex-m0 -mthumb -Wno-main -I. -I.\Generated_Source\PSoC4 -Wa,-alh=.\CortexM0\ARM_GCC_484\Debug/SHLDR_PWM_PM.lst -g -D DEBUG -Wall -ffunction-sections -O0 -std=gnu99 -c .\Generated_Source\PSoC4\SHLDR_PWM_PM.c -o .\CortexM0\ARM_GCC_484\Debug\SHLDR_PWM_PM.o
arm-none-eabi-gcc.exe -mcpu=cortex-m0 -mthumb -Wno-main -I. -I.\Generated_Source\PSoC4 -Wa,-alh=.\CortexM0\ARM_GCC_484\Debug/MISO_1.lst -g -D DEBUG -Wall -ffunction-sections -O0 -std=gnu99 -c .\Generated_Source\PSoC4\MISO_1.c -o .\CortexM0\ARM_GCC_484\Debug\MISO_1.o
arm-none-eabi-gcc.exe -mcpu=cortex-m0 -mthumb -Wno-main -I. -I.\Generated_Source\PSoC4 -Wa,-alh=.\CortexM0\ARM_GCC_484\Debug/MOSI_1.lst -g -D DEBUG -Wall -ffunction-sections -O0 -std=gnu99 -c .\Generated_Source\PSoC4\MOSI_1.c -o .\CortexM0\ARM_GCC_484\Debug\MOSI_1.o
arm-none-eabi-gcc.exe -mcpu=cortex-m0 -mthumb -Wno-main -I. -I.\Generated_Source\PSoC4 -Wa,-alh=.\CortexM0\ARM_GCC_484\Debug/SCLK_1.lst -g -D DEBUG -Wall -ffunction-sections -O0 -std=gnu99 -c .\Generated_Source\PSoC4\SCLK_1.c -o .\CortexM0\ARM_GCC_484\Debug\SCLK_1.o
arm-none-eabi-gcc.exe -mcpu=cortex-m0 -mthumb -Wno-main -I. -I.\Generated_Source\PSoC4 -Wa,-alh=.\CortexM0\ARM_GCC_484\Debug/SPIM_1.lst -g -D DEBUG -Wall -ffunction-sections -O0 -std=gnu99 -c .\Generated_Source\PSoC4\SPIM_1.c -o .\CortexM0\ARM_GCC_484\Debug\SPIM_1.o
arm-none-eabi-gcc.exe -mcpu=cortex-m0 -mthumb -Wno-main -I. -I.\Generated_Source\PSoC4 -Wa,-alh=.\CortexM0\ARM_GCC_484\Debug/SPIM_1_PM.lst -g -D DEBUG -Wall -ffunction-sections -O0 -std=gnu99 -c .\Generated_Source\PSoC4\SPIM_1_PM.c -o .\CortexM0\ARM_GCC_484\Debug\SPIM_1_PM.o
arm-none-eabi-gcc.exe -mcpu=cortex-m0 -mthumb -Wno-main -I. -I.\Generated_Source\PSoC4 -Wa,-alh=.\CortexM0\ARM_GCC_484\Debug/SPIM_1_INT.lst -g -D DEBUG -Wall -ffunction-sections -O0 -std=gnu99 -c .\Generated_Source\PSoC4\SPIM_1_INT.c -o .\CortexM0\ARM_GCC_484\Debug\SPIM_1_INT.o
arm-none-eabi-gcc.exe -mcpu=cortex-m0 -mthumb -Wno-main -I. -I.\Generated_Source\PSoC4 -Wa,-alh=.\CortexM0\ARM_GCC_484\Debug/SPIM_1_IntClock.lst -g -D DEBUG -Wall -ffunction-sections -O0 -std=gnu99 -c .\Generated_Source\PSoC4\SPIM_1_IntClock.c -o .\CortexM0\ARM_GCC_484\Debug\SPIM_1_IntClock.o
arm-none-eabi-gcc.exe -mcpu=cortex-m0 -mthumb -Wno-main -I. -I.\Generated_Source\PSoC4 -Wa,-alh=.\CortexM0\ARM_GCC_484\Debug/stop_shdr_up.lst -g -D DEBUG -Wall -ffunction-sections -O0 -std=gnu99 -c .\Generated_Source\PSoC4\stop_shdr_up.c -o .\CortexM0\ARM_GCC_484\Debug\stop_shdr_up.o
arm-none-eabi-gcc.exe -mcpu=cortex-m0 -mthumb -Wno-main -I. -I.\Generated_Source\PSoC4 -Wa,-alh=.\CortexM0\ARM_GCC_484\Debug/stop_shdr_dn.lst -g -D DEBUG -Wall -ffunction-sections -O0 -std=gnu99 -c .\Generated_Source\PSoC4\stop_shdr_dn.c -o .\CortexM0\ARM_GCC_484\Debug\stop_shdr_dn.o
arm-none-eabi-gcc.exe -mcpu=cortex-m0 -mthumb -Wno-main -I. -I.\Generated_Source\PSoC4 -Wa,-alh=.\CortexM0\ARM_GCC_484\Debug/stop_elb_up.lst -g -D DEBUG -Wall -ffunction-sections -O0 -std=gnu99 -c .\Generated_Source\PSoC4\stop_elb_up.c -o .\CortexM0\ARM_GCC_484\Debug\stop_elb_up.o
arm-none-eabi-gcc.exe -mcpu=cortex-m0 -mthumb -Wno-main -I. -I.\Generated_Source\PSoC4 -Wa,-alh=.\CortexM0\ARM_GCC_484\Debug/stop_elb_dn.lst -g -D DEBUG -Wall -ffunction-sections -O0 -std=gnu99 -c .\Generated_Source\PSoC4\stop_elb_dn.c -o .\CortexM0\ARM_GCC_484\Debug\stop_elb_dn.o
arm-none-eabi-gcc.exe -mcpu=cortex-m0 -mthumb -Wno-main -I. -I.\Generated_Source\PSoC4 -Wa,-alh=.\CortexM0\ARM_GCC_484\Debug/EFFECTOR_PWM.lst -g -D DEBUG -Wall -ffunction-sections -O0 -std=gnu99 -c .\Generated_Source\PSoC4\EFFECTOR_PWM.c -o .\CortexM0\ARM_GCC_484\Debug\EFFECTOR_PWM.o
arm-none-eabi-gcc.exe -mcpu=cortex-m0 -mthumb -Wno-main -I. -I.\Generated_Source\PSoC4 -Wa,-alh=.\CortexM0\ARM_GCC_484\Debug/EFFECTOR_PWM_PM.lst -g -D DEBUG -Wall -ffunction-sections -O0 -std=gnu99 -c .\Generated_Source\PSoC4\EFFECTOR_PWM_PM.c -o .\CortexM0\ARM_GCC_484\Debug\EFFECTOR_PWM_PM.o
arm-none-eabi-gcc.exe -mcpu=cortex-m0 -mthumb -Wno-main -I. -I.\Generated_Source\PSoC4 -Wa,-alh=.\CortexM0\ARM_GCC_484\Debug/effector_A.lst -g -D DEBUG -Wall -ffunction-sections -O0 -std=gnu99 -c .\Generated_Source\PSoC4\effector_A.c -o .\CortexM0\ARM_GCC_484\Debug\effector_A.o
arm-none-eabi-gcc.exe -mcpu=cortex-m0 -mthumb -Wno-main -I. -I.\Generated_Source\PSoC4 -Wa,-alh=.\CortexM0\ARM_GCC_484\Debug/Wrist_UART.lst -g -D DEBUG -Wall -ffunction-sections -O0 -std=gnu99 -c .\Generated_Source\PSoC4\Wrist_UART.c -o .\CortexM0\ARM_GCC_484\Debug\Wrist_UART.o
arm-none-eabi-gcc.exe -mcpu=cortex-m0 -mthumb -Wno-main -I. -I.\Generated_Source\PSoC4 -Wa,-alh=.\CortexM0\ARM_GCC_484\Debug/Wrist_UART_SPI_UART.lst -g -D DEBUG -Wall -ffunction-sections -O0 -std=gnu99 -c .\Generated_Source\PSoC4\Wrist_UART_SPI_UART.c -o .\CortexM0\ARM_GCC_484\Debug\Wrist_UART_SPI_UART.o
arm-none-eabi-gcc.exe -mcpu=cortex-m0 -mthumb -Wno-main -I. -I.\Generated_Source\PSoC4 -Wa,-alh=.\CortexM0\ARM_GCC_484\Debug/Wrist_UART_SPI_UART_INT.lst -g -D DEBUG -Wall -ffunction-sections -O0 -std=gnu99 -c .\Generated_Source\PSoC4\Wrist_UART_SPI_UART_INT.c -o .\CortexM0\ARM_GCC_484\Debug\Wrist_UART_SPI_UART_INT.o
arm-none-eabi-gcc.exe -mcpu=cortex-m0 -mthumb -Wno-main -I. -I.\Generated_Source\PSoC4 -Wa,-alh=.\CortexM0\ARM_GCC_484\Debug/Wrist_UART_PM.lst -g -D DEBUG -Wall -ffunction-sections -O0 -std=gnu99 -c .\Generated_Source\PSoC4\Wrist_UART_PM.c -o .\CortexM0\ARM_GCC_484\Debug\Wrist_UART_PM.o
arm-none-eabi-gcc.exe -mcpu=cortex-m0 -mthumb -Wno-main -I. -I.\Generated_Source\PSoC4 -Wa,-alh=.\CortexM0\ARM_GCC_484\Debug/Wrist_UART_UART.lst -g -D DEBUG -Wall -ffunction-sections -O0 -std=gnu99 -c .\Generated_Source\PSoC4\Wrist_UART_UART.c -o .\CortexM0\ARM_GCC_484\Debug\Wrist_UART_UART.o
arm-none-eabi-gcc.exe -mcpu=cortex-m0 -mthumb -Wno-main -I. -I.\Generated_Source\PSoC4 -Wa,-alh=.\CortexM0\ARM_GCC_484\Debug/Wrist_UART_BOOT.lst -g -D DEBUG -Wall -ffunction-sections -O0 -std=gnu99 -c .\Generated_Source\PSoC4\Wrist_UART_BOOT.c -o .\CortexM0\ARM_GCC_484\Debug\Wrist_UART_BOOT.o
arm-none-eabi-gcc.exe -mcpu=cortex-m0 -mthumb -Wno-main -I. -I.\Generated_Source\PSoC4 -Wa,-alh=.\CortexM0\ARM_GCC_484\Debug/Wrist_UART_UART_BOOT.lst -g -D DEBUG -Wall -ffunction-sections -O0 -std=gnu99 -c .\Generated_Source\PSoC4\Wrist_UART_UART_BOOT.c -o .\CortexM0\ARM_GCC_484\Debug\Wrist_UART_UART_BOOT.o
arm-none-eabi-gcc.exe -mcpu=cortex-m0 -mthumb -Wno-main -I. -I.\Generated_Source\PSoC4 -Wa,-alh=.\CortexM0\ARM_GCC_484\Debug/Arduino_UART.lst -g -D DEBUG -Wall -ffunction-sections -O0 -std=gnu99 -c .\Generated_Source\PSoC4\Arduino_UART.c -o .\CortexM0\ARM_GCC_484\Debug\Arduino_UART.o
arm-none-eabi-gcc.exe -mcpu=cortex-m0 -mthumb -Wno-main -I. -I.\Generated_Source\PSoC4 -Wa,-alh=.\CortexM0\ARM_GCC_484\Debug/Arduino_UART_SPI_UART.lst -g -D DEBUG -Wall -ffunction-sections -O0 -std=gnu99 -c .\Generated_Source\PSoC4\Arduino_UART_SPI_UART.c -o .\CortexM0\ARM_GCC_484\Debug\Arduino_UART_SPI_UART.o
arm-none-eabi-gcc.exe -mcpu=cortex-m0 -mthumb -Wno-main -I. -I.\Generated_Source\PSoC4 -Wa,-alh=.\CortexM0\ARM_GCC_484\Debug/Arduino_UART_SPI_UART_INT.lst -g -D DEBUG -Wall -ffunction-sections -O0 -std=gnu99 -c .\Generated_Source\PSoC4\Arduino_UART_SPI_UART_INT.c -o .\CortexM0\ARM_GCC_484\Debug\Arduino_UART_SPI_UART_INT.o
arm-none-eabi-gcc.exe -mcpu=cortex-m0 -mthumb -Wno-main -I. -I.\Generated_Source\PSoC4 -Wa,-alh=.\CortexM0\ARM_GCC_484\Debug/Arduino_UART_PM.lst -g -D DEBUG -Wall -ffunction-sections -O0 -std=gnu99 -c .\Generated_Source\PSoC4\Arduino_UART_PM.c -o .\CortexM0\ARM_GCC_484\Debug\Arduino_UART_PM.o
arm-none-eabi-gcc.exe -mcpu=cortex-m0 -mthumb -Wno-main -I. -I.\Generated_Source\PSoC4 -Wa,-alh=.\CortexM0\ARM_GCC_484\Debug/Arduino_UART_UART.lst -g -D DEBUG -Wall -ffunction-sections -O0 -std=gnu99 -c .\Generated_Source\PSoC4\Arduino_UART_UART.c -o .\CortexM0\ARM_GCC_484\Debug\Arduino_UART_UART.o
arm-none-eabi-gcc.exe -mcpu=cortex-m0 -mthumb -Wno-main -I. -I.\Generated_Source\PSoC4 -Wa,-alh=.\CortexM0\ARM_GCC_484\Debug/Arduino_UART_BOOT.lst -g -D DEBUG -Wall -ffunction-sections -O0 -std=gnu99 -c .\Generated_Source\PSoC4\Arduino_UART_BOOT.c -o .\CortexM0\ARM_GCC_484\Debug\Arduino_UART_BOOT.o
arm-none-eabi-gcc.exe -mcpu=cortex-m0 -mthumb -Wno-main -I. -I.\Generated_Source\PSoC4 -Wa,-alh=.\CortexM0\ARM_GCC_484\Debug/Arduino_UART_UART_BOOT.lst -g -D DEBUG -Wall -ffunction-sections -O0 -std=gnu99 -c .\Generated_Source\PSoC4\Arduino_UART_UART_BOOT.c -o .\CortexM0\ARM_GCC_484\Debug\Arduino_UART_UART_BOOT.o
arm-none-eabi-gcc.exe -mcpu=cortex-m0 -mthumb -Wno-main -I. -I.\Generated_Source\PSoC4 -Wa,-alh=.\CortexM0\ARM_GCC_484\Debug/Wrist_UART_SCBCLK.lst -g -D DEBUG -Wall -ffunction-sections -O0 -std=gnu99 -c .\Generated_Source\PSoC4\Wrist_UART_SCBCLK.c -o .\CortexM0\ARM_GCC_484\Debug\Wrist_UART_SCBCLK.o
arm-none-eabi-gcc.exe -mcpu=cortex-m0 -mthumb -Wno-main -I. -I.\Generated_Source\PSoC4 -Wa,-alh=.\CortexM0\ARM_GCC_484\Debug/Wrist_UART_tx.lst -g -D DEBUG -Wall -ffunction-sections -O0 -std=gnu99 -c .\Generated_Source\PSoC4\Wrist_UART_tx.c -o .\CortexM0\ARM_GCC_484\Debug\Wrist_UART_tx.o
arm-none-eabi-gcc.exe -mcpu=cortex-m0 -mthumb -Wno-main -I. -I.\Generated_Source\PSoC4 -Wa,-alh=.\CortexM0\ARM_GCC_484\Debug/Wrist_UART_rx.lst -g -D DEBUG -Wall -ffunction-sections -O0 -std=gnu99 -c .\Generated_Source\PSoC4\Wrist_UART_rx.c -o .\CortexM0\ARM_GCC_484\Debug\Wrist_UART_rx.o
arm-none-eabi-gcc.exe -mcpu=cortex-m0 -mthumb -Wno-main -I. -I.\Generated_Source\PSoC4 -Wa,-alh=.\CortexM0\ARM_GCC_484\Debug/Arduino_UART_SCBCLK.lst -g -D DEBUG -Wall -ffunction-sections -O0 -std=gnu99 -c .\Generated_Source\PSoC4\Arduino_UART_SCBCLK.c -o .\CortexM0\ARM_GCC_484\Debug\Arduino_UART_SCBCLK.o
arm-none-eabi-gcc.exe -mcpu=cortex-m0 -mthumb -Wno-main -I. -I.\Generated_Source\PSoC4 -Wa,-alh=.\CortexM0\ARM_GCC_484\Debug/Arduino_UART_tx.lst -g -D DEBUG -Wall -ffunction-sections -O0 -std=gnu99 -c .\Generated_Source\PSoC4\Arduino_UART_tx.c -o .\CortexM0\ARM_GCC_484\Debug\Arduino_UART_tx.o
arm-none-eabi-gcc.exe -mcpu=cortex-m0 -mthumb -Wno-main -I. -I.\Generated_Source\PSoC4 -Wa,-alh=.\CortexM0\ARM_GCC_484\Debug/Arduino_UART_rx.lst -g -D DEBUG -Wall -ffunction-sections -O0 -std=gnu99 -c .\Generated_Source\PSoC4\Arduino_UART_rx.c -o .\CortexM0\ARM_GCC_484\Debug\Arduino_UART_rx.o
arm-none-eabi-gcc.exe -mcpu=cortex-m0 -mthumb -Wno-main -I. -I.\Generated_Source\PSoC4 -Wa,-alh=.\CortexM0\ARM_GCC_484\Debug/Arduino_UART_SCB_IRQ.lst -g -D DEBUG -Wall -ffunction-sections -O0 -std=gnu99 -c .\Generated_Source\PSoC4\Arduino_UART_SCB_IRQ.c -o .\CortexM0\ARM_GCC_484\Debug\Arduino_UART_SCB_IRQ.o
arm-none-eabi-ar.exe -rs .\CortexM0\ARM_GCC_484\Debug\arm_controller_v2.1.a .\CortexM0\ARM_GCC_484\Debug\cyfitter_cfg.o .\CortexM0\ARM_GCC_484\Debug\Clock_counter.o .\CortexM0\ARM_GCC_484\Debug\Clock_pwm.o .\CortexM0\ARM_GCC_484\Debug\Bootloadable_1.o .\CortexM0\ARM_GCC_484\Debug\isr_1.o .\CortexM0\ARM_GCC_484\Debug\LED.o .\CortexM0\ARM_GCC_484\Debug\Timer_1.o .\CortexM0\ARM_GCC_484\Debug\Timer_1_PM.o .\CortexM0\ARM_GCC_484\Debug\CyBootAsmGnu.o .\CortexM0\ARM_GCC_484\Debug\CyFlash.o .\CortexM0\ARM_GCC_484\Debug\CyLib.o .\CortexM0\ARM_GCC_484\Debug\cyPm.o .\CortexM0\ARM_GCC_484\Debug\cyutils.o .\CortexM0\ARM_GCC_484\Debug\WIZ_RDY.o .\CortexM0\ARM_GCC_484\Debug\WIZ_INT.o .\CortexM0\ARM_GCC_484\Debug\WIZ_RST.o .\CortexM0\ARM_GCC_484\Debug\WIZ_SS.o .\CortexM0\ARM_GCC_484\Debug\elbow.o .\CortexM0\ARM_GCC_484\Debug\baseAzimuth.o .\CortexM0\ARM_GCC_484\Debug\ADC.o .\CortexM0\ARM_GCC_484\Debug\ADC_PM.o .\CortexM0\ARM_GCC_484\Debug\ADC_INT.o .\CortexM0\ARM_GCC_484\Debug\pot_elbow.o .\CortexM0\ARM_GCC_484\Debug\pot_shoulder.o .\CortexM0\ARM_GCC_484\Debug\ADC_IRQ.o .\CortexM0\ARM_GCC_484\Debug\ADC_intClock.o .\CortexM0\ARM_GCC_484\Debug\shoulder.o .\CortexM0\ARM_GCC_484\Debug\BA_PWM.o .\CortexM0\ARM_GCC_484\Debug\BA_PWM_PM.o .\CortexM0\ARM_GCC_484\Debug\ELBW_PWM.o .\CortexM0\ARM_GCC_484\Debug\ELBW_PWM_PM.o .\CortexM0\ARM_GCC_484\Debug\SHLDR_PWM.o .\CortexM0\ARM_GCC_484\Debug\SHLDR_PWM_PM.o .\CortexM0\ARM_GCC_484\Debug\MISO_1.o .\CortexM0\ARM_GCC_484\Debug\MOSI_1.o .\CortexM0\ARM_GCC_484\Debug\SCLK_1.o .\CortexM0\ARM_GCC_484\Debug\SPIM_1.o .\CortexM0\ARM_GCC_484\Debug\SPIM_1_PM.o .\CortexM0\ARM_GCC_484\Debug\SPIM_1_INT.o .\CortexM0\ARM_GCC_484\Debug\SPIM_1_IntClock.o .\CortexM0\ARM_GCC_484\Debug\stop_shdr_up.o .\CortexM0\ARM_GCC_484\Debug\stop_shdr_dn.o .\CortexM0\ARM_GCC_484\Debug\stop_elb_up.o .\CortexM0\ARM_GCC_484\Debug\stop_elb_dn.o .\CortexM0\ARM_GCC_484\Debug\EFFECTOR_PWM.o .\CortexM0\ARM_GCC_484\Debug\EFFECTOR_PWM_PM.o .\CortexM0\ARM_GCC_484\Debug\effector_A.o .\CortexM0\ARM_GCC_484\Debug\Wrist_UART.o .\CortexM0\ARM_GCC_484\Debug\Wrist_UART_SPI_UART.o .\CortexM0\ARM_GCC_484\Debug\Wrist_UART_SPI_UART_INT.o .\CortexM0\ARM_GCC_484\Debug\Wrist_UART_PM.o .\CortexM0\ARM_GCC_484\Debug\Wrist_UART_UART.o .\CortexM0\ARM_GCC_484\Debug\Wrist_UART_BOOT.o .\CortexM0\ARM_GCC_484\Debug\Wrist_UART_UART_BOOT.o .\CortexM0\ARM_GCC_484\Debug\Arduino_UART.o .\CortexM0\ARM_GCC_484\Debug\Arduino_UART_SPI_UART.o .\CortexM0\ARM_GCC_484\Debug\Arduino_UART_SPI_UART_INT.o .\CortexM0\ARM_GCC_484\Debug\Arduino_UART_PM.o .\CortexM0\ARM_GCC_484\Debug\Arduino_UART_UART.o .\CortexM0\ARM_GCC_484\Debug\Arduino_UART_BOOT.o .\CortexM0\ARM_GCC_484\Debug\Arduino_UART_UART_BOOT.o .\CortexM0\ARM_GCC_484\Debug\Wrist_UART_SCBCLK.o .\CortexM0\ARM_GCC_484\Debug\Wrist_UART_tx.o .\CortexM0\ARM_GCC_484\Debug\Wrist_UART_rx.o .\CortexM0\ARM_GCC_484\Debug\Arduino_UART_SCBCLK.o .\CortexM0\ARM_GCC_484\Debug\Arduino_UART_tx.o .\CortexM0\ARM_GCC_484\Debug\Arduino_UART_rx.o .\CortexM0\ARM_GCC_484\Debug\Arduino_UART_SCB_IRQ.o
arm-none-eabi-ar.exe: creating .\CortexM0\ARM_GCC_484\Debug\arm_controller_v2.1.a
arm-none-eabi-gcc.exe -Wl,--start-group -o .\CortexM0\ARM_GCC_484\Debug\arm_controller_v2.1.elf .\CortexM0\ARM_GCC_484\Debug\main.o .\CortexM0\ARM_GCC_484\Debug\spi.o .\CortexM0\ARM_GCC_484\Debug\wiznet5500.o .\CortexM0\ARM_GCC_484\Debug\cybootloader.o .\CortexM0\ARM_GCC_484\Debug\cymetadata.o .\CortexM0\ARM_GCC_484\Debug\Cm0Start.o .\CortexM0\ARM_GCC_484\Debug\arm_controller_v2.1.a "C:\Program Files (x86)\Cypress\PSoC Creator\3.1\PSoC Creator\psoc\content\cycomponentlibrary\CyComponentLibrary.cylib\CortexM0\ARM_GCC_484\Debug\CyComponentLibrary.a" -mthumb -march=armv6-m -Wl,-Map,.\CortexM0\ARM_GCC_484\Debug/arm_controller_v2.1.map -T .\Generated_Source\PSoC4\cm0gcc.ld -g -specs=nano.specs "-u _printf_float" "" -Wl,--gc-sections -Wl,--end-group
cyelftool.exe -B C:\Users\Samuel\Documents\GitHub\Arm\arm_controller_v2\arm_controller_v2.2.cydsn\CortexM0\ARM_GCC_484\Debug\arm_controller_v2.1.elf --flash_row_size 128 --flash_size 32768 --flash_array_size 32768
cyelftool.exe -S C:\Users\Samuel\Documents\GitHub\Arm\arm_controller_v2\arm_controller_v2.2.cydsn\CortexM0\ARM_GCC_484\Debug\arm_controller_v2.1.elf
Flash used: 16118 of 32768 bytes (49.2 %). Bootloader: 3840 bytes. Application: 12278 bytes
SRAM used: 1600 of 4096 bytes (39.1 %). Stack: 1024 bytes. Heap: 128 bytes.
--------------- Build Succeeded: 05/13/2015 14:04:17 ---------------
