Loading plugins phase: Elapsed time ==> 0s.295ms
Initializing data phase: Elapsed time ==> 1s.883ms
<CYPRESSTAG name="CyDsfit arguments...">
cydsfit arguments: -.fdsnotice -.fdswarpdepfile=warp_dependencies.txt -.fdselabdepfile=elab_dependencies.txt -.fdsbldfile=generated_files.txt -p C:\Users\johnsonjacob\Documents\PSoC Creator\Dynamixel_Servo_Driver\Dynamixel_Servo_Driver.cydsn\Dynamixel_Servo_Driver.cyprj -d CY8C4245AXI-483 -s C:\Users\johnsonjacob\Documents\PSoC Creator\Dynamixel_Servo_Driver\Dynamixel_Servo_Driver.cydsn\Generated_Source\PSoC4 -- -yv2 -v3 -ygs -q10 -o2 -.fftcfgtype=LE</CYPRESSTAG>
<CYPRESSTAG name="Design elaboration results...">
ADD: pft.M0028: warning: Clock Warning: (UART_1_IntClock's accuracy range '461.538 kHz ? 2.000%, (452.308 kHz - 470.769 kHz)' is not within the specified tolerance range '460.800 kHz ? 2.000%, (451.584 kHz - 470.016 kHz)'.).
 * C:\Program Files (x86)\Cypress\PSoC Creator\3.0\PSoC Creator\psoc\content\cycomponentlibrary\CyComponentLibrary.cylib\UART_v2_30\UART_v2_30.cysch (Instance: IntClock)
 * C:\Users\johnsonjacob\Documents\PSoC Creator\Dynamixel_Servo_Driver\Dynamixel_Servo_Driver.cydsn\Dynamixel_Servo_Driver.cydwr (UART_1_IntClock)

</CYPRESSTAG>
Elaboration phase: Elapsed time ==> 2s.179ms
<CYPRESSTAG name="HDL generation results...">
</CYPRESSTAG>
HDL generation phase: Elapsed time ==> 0s.077ms
<CYPRESSTAG name="Synthesis results...">

     | | | | | | |
   _________________
  -|               |-
  -|               |-
  -|               |-
  -|    CYPRESS    |-
  -|               |-
  -|               |-   Warp Verilog Synthesis Compiler: Version 6.3 IR 41
  -|               |-   Copyright (C) 1991-2001 Cypress Semiconductor
   |_______________|
     | | | | | | |

======================================================================
Compiling:  Dynamixel_Servo_Driver.v
Program  :   C:\Program Files (x86)\Cypress\PSoC Creator\3.0\PSoC Creator\warp\bin/warp.exe
Options  :    -yv2 -v3 -ygs -q10 -o2 -.fftcfgtype=LE -ya -.fftprj=C:\Users\johnsonjacob\Documents\PSoC Creator\Dynamixel_Servo_Driver\Dynamixel_Servo_Driver.cydsn\Dynamixel_Servo_Driver.cyprj -dcpsoc3 Dynamixel_Servo_Driver.v -verilog
======================================================================

======================================================================
Compiling:  Dynamixel_Servo_Driver.v
Program  :   C:\Program Files (x86)\Cypress\PSoC Creator\3.0\PSoC Creator\warp\bin/warp.exe
Options  :    -yv2 -v3 -ygs -q10 -o2 -.fftcfgtype=LE -ya -.fftprj=C:\Users\johnsonjacob\Documents\PSoC Creator\Dynamixel_Servo_Driver\Dynamixel_Servo_Driver.cydsn\Dynamixel_Servo_Driver.cyprj -dcpsoc3 Dynamixel_Servo_Driver.v -verilog
======================================================================

======================================================================
Compiling:  Dynamixel_Servo_Driver.v
Program  :   vlogfe
Options  :    -yv2 -v3 -ygs -q10 -o2 -.fftcfgtype=LE -ya -.fftprj=C:\Users\johnsonjacob\Documents\PSoC Creator\Dynamixel_Servo_Driver\Dynamixel_Servo_Driver.cydsn\Dynamixel_Servo_Driver.cyprj -dcpsoc3 -verilog Dynamixel_Servo_Driver.v
======================================================================

vlogfe V6.3 IR 41:  Verilog parser
Wed Jan 14 17:36:13 2015


======================================================================
Compiling:  Dynamixel_Servo_Driver.v
Program  :   vpp
Options  :    -yv2 -q10 Dynamixel_Servo_Driver.v
======================================================================

vpp V6.3 IR 41:  Verilog Pre-Processor
Wed Jan 14 17:36:13 2015

Flattening file 'C:\Program Files (x86)\Cypress\PSoC Creator\3.0\PSoC Creator\warp\..\psoc\content\cyprimitives\CyPrimitives.cylib\cy_virtualmux_v1_0\cy_virtualmux_v1_0.v'
Flattening file 'C:\Program Files (x86)\Cypress\PSoC Creator\3.0\PSoC Creator\warp\..\psoc\content\cycomponentlibrary\CyComponentLibrary.cylib\B_UART_v2_30\B_UART_v2_30.v'
Flattening file 'C:\Program Files (x86)\Cypress\PSoC Creator\3.0\PSoC Creator\warp\lib\common\cypress.v'
Flattening file 'C:\Program Files (x86)\Cypress\PSoC Creator\3.0\PSoC Creator\warp\lib\common\cy_psoc3_inc.v'
Flattening file 'C:\Program Files (x86)\Cypress\PSoC Creator\3.0\PSoC Creator\warp\..\psoc\content\cyprimitives\CyPrimitives.cylib\cy_constant_v1_0\cy_constant_v1_0.v'

vpp:  No errors.

Library 'work' => directory 'lcpsoc3'
General_symbol_table
General_symbol_table
Linking 'C:\Program Files (x86)\Cypress\PSoC Creator\3.0\PSoC Creator\warp\lib\common\std.vhd'.
Linking 'C:\Program Files (x86)\Cypress\PSoC Creator\3.0\PSoC Creator\warp\lib\common\cypress.vhd'.
Linking 'C:\Program Files (x86)\Cypress\PSoC Creator\3.0\PSoC Creator\warp\lib\common\work\cypress.vif'.
Linking 'C:\Program Files (x86)\Cypress\PSoC Creator\3.0\PSoC Creator\warp\lib\ieee\work\stdlogic.vif'.
Linking 'C:\Program Files (x86)\Cypress\PSoC Creator\3.0\PSoC Creator\warp\lib\common\stdlogic\lpmpkg.vif'.
Linking 'C:\Program Files (x86)\Cypress\PSoC Creator\3.0\PSoC Creator\warp\lib\common\stdlogic\rtlpkg.vif'.
Linking 'C:\Program Files (x86)\Cypress\PSoC Creator\3.0\PSoC Creator\warp\lib\common\stdlogic\mod_cnst.vif'.
Linking 'C:\Program Files (x86)\Cypress\PSoC Creator\3.0\PSoC Creator\warp\lib\common\stdlogic\mod_mthv.vif'.
Linking 'C:\Program Files (x86)\Cypress\PSoC Creator\3.0\PSoC Creator\warp\lib\common\stdlogic\mod_genv.vif'.
Using control file 'Dynamixel_Servo_Driver.ctl'.
C:\Program Files (x86)\Cypress\PSoC Creator\3.0\PSoC Creator\warp\..\psoc\content\cycomponentlibrary\CyComponentLibrary.cylib\B_UART_v2_30\B_UART_v2_30.v (line 1090, col 55):  Note: Substituting module 'add_vv_vv' for '+'.
C:\Program Files (x86)\Cypress\PSoC Creator\3.0\PSoC Creator\warp\..\psoc\content\cycomponentlibrary\CyComponentLibrary.cylib\B_UART_v2_30\B_UART_v2_30.v (line 1099, col 48):  Note: Substituting module 'cmp_vv_vv' for '<'.
C:\Program Files (x86)\Cypress\PSoC Creator\3.0\PSoC Creator\warp\..\psoc\content\cycomponentlibrary\CyComponentLibrary.cylib\B_UART_v2_30\B_UART_v2_30.v (line 1099, col 77):  Note: Substituting module 'cmp_vv_vv' for '<'.
C:\Program Files (x86)\Cypress\PSoC Creator\3.0\PSoC Creator\warp\..\psoc\content\cycomponentlibrary\CyComponentLibrary.cylib\B_UART_v2_30\B_UART_v2_30.v (line 1356, col 59):  Note: Substituting module 'cmp_vv_vv' for '<'.
C:\Program Files (x86)\Cypress\PSoC Creator\3.0\PSoC Creator\warp\..\psoc\content\cycomponentlibrary\CyComponentLibrary.cylib\B_UART_v2_30\B_UART_v2_30.v (line 1391, col 61):  Note: Substituting module 'cmp_vv_vv' for '/='.
C:\Program Files (x86)\Cypress\PSoC Creator\3.0\PSoC Creator\warp\..\psoc\content\cycomponentlibrary\CyComponentLibrary.cylib\B_UART_v2_30\B_UART_v2_30.v (line 1503, col 106):  Note: Substituting module 'cmp_vv_vv' for '<'.
C:\Program Files (x86)\Cypress\PSoC Creator\3.0\PSoC Creator\warp\..\psoc\content\cycomponentlibrary\CyComponentLibrary.cylib\B_UART_v2_30\B_UART_v2_30.v (line 1559, col 68):  Note: Substituting module 'cmp_vv_vv' for '<'.
C:\Program Files (x86)\Cypress\PSoC Creator\3.0\PSoC Creator\warp\..\psoc\content\cycomponentlibrary\CyComponentLibrary.cylib\B_UART_v2_30\B_UART_v2_30.v (line 1560, col 68):  Note: Substituting module 'cmp_vv_vv' for '<'.
Linking 'C:\Program Files (x86)\Cypress\PSoC Creator\3.0\PSoC Creator\warp\lib\common\stdlogic\cy_psoc3pkg.vif'.
Linking 'C:\Program Files (x86)\Cypress\PSoC Creator\3.0\PSoC Creator\warp\lib\common\stdlogic\cy_psoc3.vif'.

vlogfe:  No errors.


======================================================================
Compiling:  Dynamixel_Servo_Driver.v
Program  :   tovif
Options  :    -yv2 -v3 -ygs -q10 -o2 -.fftcfgtype=LE -ya -.fftprj=C:\Users\johnsonjacob\Documents\PSoC Creator\Dynamixel_Servo_Driver\Dynamixel_Servo_Driver.cydsn\Dynamixel_Servo_Driver.cyprj -dcpsoc3 -verilog Dynamixel_Servo_Driver.v
======================================================================

tovif V6.3 IR 41:  High-level synthesis
Wed Jan 14 17:36:13 2015

Linking 'C:\Program Files (x86)\Cypress\PSoC Creator\3.0\PSoC Creator\warp\lib\common\std.vhd'.
Linking 'C:\Program Files (x86)\Cypress\PSoC Creator\3.0\PSoC Creator\warp\lib\common\cypress.vhd'.
Linking 'C:\Program Files (x86)\Cypress\PSoC Creator\3.0\PSoC Creator\warp\lib\common\work\cypress.vif'.
Linking 'C:\Program Files (x86)\Cypress\PSoC Creator\3.0\PSoC Creator\warp\lib\ieee\work\stdlogic.vif'.
Linking 'C:\Program Files (x86)\Cypress\PSoC Creator\3.0\PSoC Creator\warp\lib\common\stdlogic\lpmpkg.vif'.
Linking 'C:\Program Files (x86)\Cypress\PSoC Creator\3.0\PSoC Creator\warp\lib\common\stdlogic\rtlpkg.vif'.
Linking 'C:\Program Files (x86)\Cypress\PSoC Creator\3.0\PSoC Creator\warp\lib\common\stdlogic\mod_cnst.vif'.
Linking 'C:\Program Files (x86)\Cypress\PSoC Creator\3.0\PSoC Creator\warp\lib\common\stdlogic\mod_mthv.vif'.
Linking 'C:\Program Files (x86)\Cypress\PSoC Creator\3.0\PSoC Creator\warp\lib\common\stdlogic\mod_genv.vif'.
Linking 'C:\Users\johnsonjacob\Documents\PSoC Creator\Dynamixel_Servo_Driver\Dynamixel_Servo_Driver.cydsn\codegentemp\Dynamixel_Servo_Driver.ctl'.
Linking 'C:\Program Files (x86)\Cypress\PSoC Creator\3.0\PSoC Creator\psoc\content\cyprimitives\CyPrimitives.cylib\cy_virtualmux_v1_0\cy_virtualmux_v1_0.v'.
Linking 'C:\Users\johnsonjacob\Documents\PSoC Creator\Dynamixel_Servo_Driver\Dynamixel_Servo_Driver.cydsn\codegentemp\Dynamixel_Servo_Driver.v'.
Linking 'C:\Program Files (x86)\Cypress\PSoC Creator\3.0\PSoC Creator\psoc\content\cycomponentlibrary\CyComponentLibrary.cylib\B_UART_v2_30\B_UART_v2_30.v'.
Linking 'C:\Program Files (x86)\Cypress\PSoC Creator\3.0\PSoC Creator\warp\lib\common\cypress.v'.
Linking 'C:\Program Files (x86)\Cypress\PSoC Creator\3.0\PSoC Creator\warp\lib\common\cy_psoc3_inc.v'.
Linking 'C:\Program Files (x86)\Cypress\PSoC Creator\3.0\PSoC Creator\psoc\content\cyprimitives\CyPrimitives.cylib\cy_constant_v1_0\cy_constant_v1_0.v'.
Linking 'C:\Program Files (x86)\Cypress\PSoC Creator\3.0\PSoC Creator\warp\lib\common\stdlogic\cy_psoc3pkg.vif'.
Linking 'C:\Program Files (x86)\Cypress\PSoC Creator\3.0\PSoC Creator\warp\lib\common\stdlogic\cy_psoc3.vif'.

tovif:  No errors.


======================================================================
Compiling:  Dynamixel_Servo_Driver.v
Program  :   topld
Options  :    -yv2 -v3 -ygs -q10 -o2 -.fftcfgtype=LE -ya -.fftprj=C:\Users\johnsonjacob\Documents\PSoC Creator\Dynamixel_Servo_Driver\Dynamixel_Servo_Driver.cydsn\Dynamixel_Servo_Driver.cyprj -dcpsoc3 -verilog Dynamixel_Servo_Driver.v
======================================================================

topld V6.3 IR 41:  Synthesis and optimization
Wed Jan 14 17:36:13 2015

Linking 'C:\Program Files (x86)\Cypress\PSoC Creator\3.0\PSoC Creator\warp\lib\common\std.vhd'.
Linking 'C:\Program Files (x86)\Cypress\PSoC Creator\3.0\PSoC Creator\warp\lib\common\cypress.vhd'.
Linking 'C:\Program Files (x86)\Cypress\PSoC Creator\3.0\PSoC Creator\warp\lib\common\work\cypress.vif'.
Linking 'C:\Program Files (x86)\Cypress\PSoC Creator\3.0\PSoC Creator\warp\lib\ieee\work\stdlogic.vif'.
Linking 'C:\Program Files (x86)\Cypress\PSoC Creator\3.0\PSoC Creator\warp\lib\common\stdlogic\lpmpkg.vif'.
Linking 'C:\Program Files (x86)\Cypress\PSoC Creator\3.0\PSoC Creator\warp\lib\common\stdlogic\rtlpkg.vif'.
Linking 'C:\Program Files (x86)\Cypress\PSoC Creator\3.0\PSoC Creator\warp\lib\common\stdlogic\mod_cnst.vif'.
Linking 'C:\Program Files (x86)\Cypress\PSoC Creator\3.0\PSoC Creator\warp\lib\common\stdlogic\mod_mthv.vif'.
Linking 'C:\Program Files (x86)\Cypress\PSoC Creator\3.0\PSoC Creator\warp\lib\common\stdlogic\mod_genv.vif'.
Linking 'C:\Users\johnsonjacob\Documents\PSoC Creator\Dynamixel_Servo_Driver\Dynamixel_Servo_Driver.cydsn\codegentemp\Dynamixel_Servo_Driver.ctl'.
Linking 'C:\Program Files (x86)\Cypress\PSoC Creator\3.0\PSoC Creator\psoc\content\cyprimitives\CyPrimitives.cylib\cy_virtualmux_v1_0\cy_virtualmux_v1_0.v'.
Linking 'C:\Users\johnsonjacob\Documents\PSoC Creator\Dynamixel_Servo_Driver\Dynamixel_Servo_Driver.cydsn\codegentemp\Dynamixel_Servo_Driver.v'.
Linking 'C:\Program Files (x86)\Cypress\PSoC Creator\3.0\PSoC Creator\psoc\content\cycomponentlibrary\CyComponentLibrary.cylib\B_UART_v2_30\B_UART_v2_30.v'.
Linking 'C:\Program Files (x86)\Cypress\PSoC Creator\3.0\PSoC Creator\warp\lib\common\cypress.v'.
Linking 'C:\Program Files (x86)\Cypress\PSoC Creator\3.0\PSoC Creator\warp\lib\common\cy_psoc3_inc.v'.
Linking 'C:\Program Files (x86)\Cypress\PSoC Creator\3.0\PSoC Creator\psoc\content\cyprimitives\CyPrimitives.cylib\cy_constant_v1_0\cy_constant_v1_0.v'.
Linking 'C:\Program Files (x86)\Cypress\PSoC Creator\3.0\PSoC Creator\warp\lib\common\stdlogic\cy_psoc3pkg.vif'.
Linking 'C:\Program Files (x86)\Cypress\PSoC Creator\3.0\PSoC Creator\warp\lib\common\stdlogic\cy_psoc3.vif'.
Linking 'C:\Program Files (x86)\Cypress\PSoC Creator\3.0\PSoC Creator\warp\lib\lcpsoc3\stdlogic\cpsoc3.vif'.

----------------------------------------------------------
Detecting unused logic.
----------------------------------------------------------
    User names
	\UART_1:BUART:HalfDuplexSend\
	\UART_1:BUART:FinalAddrMode_2\
	\UART_1:BUART:FinalAddrMode_1\
	\UART_1:BUART:FinalAddrMode_0\
	\UART_1:BUART:reset_sr\
	Net_7
	Net_8


Deleted 7 User equations/components.
Deleted 0 Synthesized equations/components.

------------------------------------------------------
Alias Detection
------------------------------------------------------
Aliasing one to tmpOE__LED_net_0
Aliasing Net_266 to zero
Aliasing \UART_1:BUART:tx_hd_send_break\ to zero
Aliasing \UART_1:BUART:FinalParityType_1\ to zero
Aliasing \UART_1:BUART:FinalParityType_0\ to zero
Aliasing \UART_1:BUART:tx_ctrl_mark\ to zero
Aliasing \UART_1:BUART:tx_status_6\ to zero
Aliasing \UART_1:BUART:tx_status_5\ to zero
Aliasing \UART_1:BUART:tx_status_4\ to zero
Aliasing tmpOE__tx_net_0 to tmpOE__LED_net_0
Aliasing tmpOE__Channel_1_net_0 to tmpOE__LED_net_0
Aliasing tmpOE__Channel_2_net_0 to tmpOE__LED_net_0
Aliasing Net_4D to zero
Removing Lhs of wire one[6] = tmpOE__LED_net_0[1]
Removing Lhs of wire \UART_1:Net_61\[10] = \UART_1:Net_9\[9]
Removing Lhs of wire Net_266[14] = zero[2]
Removing Lhs of wire \UART_1:BUART:tx_hd_send_break\[15] = zero[2]
Removing Lhs of wire \UART_1:BUART:FinalParityType_1\[17] = zero[2]
Removing Lhs of wire \UART_1:BUART:FinalParityType_0\[18] = zero[2]
Removing Lhs of wire \UART_1:BUART:tx_ctrl_mark\[22] = zero[2]
Removing Lhs of wire \UART_1:BUART:reset_reg_dp\[23] = \UART_1:BUART:reset_reg\[13]
Removing Lhs of wire \UART_1:BUART:tx_status_6\[83] = zero[2]
Removing Lhs of wire \UART_1:BUART:tx_status_5\[84] = zero[2]
Removing Lhs of wire \UART_1:BUART:tx_status_4\[85] = zero[2]
Removing Lhs of wire \UART_1:BUART:tx_status_1\[87] = \UART_1:BUART:tx_fifo_empty\[48]
Removing Lhs of wire \UART_1:BUART:tx_status_3\[89] = \UART_1:BUART:tx_fifo_notfull\[47]
Removing Lhs of wire tmpOE__tx_net_0[96] = tmpOE__LED_net_0[1]
Removing Lhs of wire tmpOE__Channel_1_net_0[113] = tmpOE__LED_net_0[1]
Removing Lhs of wire tmpOE__Channel_2_net_0[129] = tmpOE__LED_net_0[1]
Removing Lhs of wire \UART_1:BUART:reset_reg\\D\[133] = zero[2]
Removing Lhs of wire \UART_1:BUART:tx_bitclk\\D\[138] = \UART_1:BUART:tx_bitclk_enable_pre\[34]
Removing Lhs of wire Net_4D[139] = zero[2]

------------------------------------------------------
Aliased 0 equations, 19 wires.
------------------------------------------------------

----------------------------------------------------------
Circuit simplification
----------------------------------------------------------

Substituting virtuals - pass 1:

Note:  Expanding virtual equation for 'zero' (cost = 0):
zero <=  ('0') ;

Note:  Expanding virtual equation for '\UART_1:BUART:counter_load\' (cost = 3):
\UART_1:BUART:counter_load\ <= ((not \UART_1:BUART:tx_state_1\ and not \UART_1:BUART:tx_state_0\ and \UART_1:BUART:tx_bitclk\)
	OR (not \UART_1:BUART:tx_state_1\ and not \UART_1:BUART:tx_state_0\ and not \UART_1:BUART:tx_state_2\));

Note:  Expanding virtual equation for '\UART_1:BUART:tx_counter_tc\' (cost = 0):
\UART_1:BUART:tx_counter_tc\ <= (not \UART_1:BUART:tx_counter_dp\);


Substituting virtuals - pass 2:


----------------------------------------------------------
Circuit simplification results:

	Expanded 3 signals.
	Turned 0 signals into soft nodes.
	Maximum default expansion cost was set at 3.
----------------------------------------------------------

------------------------------------------------------
Alias Detection
------------------------------------------------------
Removing Lhs of wire \UART_1:BUART:tx_ctrl_mark_last\\D\[140] = \UART_1:BUART:tx_ctrl_mark_last\[92]

------------------------------------------------------
Aliased 0 equations, 1 wires.
------------------------------------------------------

----------------------------------------------------------
Circuit simplification
----------------------------------------------------------

Eliminating unused logic - pass 1:


Eliminating unused logic - pass 2:


Substituting virtuals - pass 1:


----------------------------------------------------------
Circuit simplification results:

	Expanded 0 signals.
	Turned 0 signals into soft nodes.
	Maximum default expansion cost was set at 3.
----------------------------------------------------------

topld:  No errors.

CYPRESS_DIR    : C:\Program Files (x86)\Cypress\PSoC Creator\3.0\PSoC Creator\warp
Warp Program   : C:\Program Files (x86)\Cypress\PSoC Creator\3.0\PSoC Creator\warp\bin/warp.exe
Warp Arguments : -yv2 -v3 -ygs -q10 -o2 -.fftcfgtype=LE -ya "-.fftprj=C:\Users\johnsonjacob\Documents\PSoC Creator\Dynamixel_Servo_Driver\Dynamixel_Servo_Driver.cydsn\Dynamixel_Servo_Driver.cyprj" -dcpsoc3 Dynamixel_Servo_Driver.v -verilog
</CYPRESSTAG>
Warp synthesis phase: Elapsed time ==> 1s.167ms
<CYPRESSTAG name="Fitter results...">
<CYPRESSTAG name="Fitter startup details...">
cyp3fit: V3.0.0.3023, Family: PSoC3, Started at: Wednesday, 14 January 2015 17:36:14
Options: -yv2 -v3 -ygs -q10 -o2 -.fftcfgtype=LE -ya -.fftprj=C:\Users\johnsonjacob\Documents\PSoC Creator\Dynamixel_Servo_Driver\Dynamixel_Servo_Driver.cydsn\Dynamixel_Servo_Driver.cyprj -d CY8C4245AXI-483 Dynamixel_Servo_Driver.v -verilog
</CYPRESSTAG>
<CYPRESSTAG name="Design parsing">
Design parsing phase: Elapsed time ==> 0s.031ms
</CYPRESSTAG>
<CYPRESSTAG name="Tech mapping">
<CYPRESSTAG name="Initial Mapping" icon="FILE_RPT_TECHM">
    Converted constant MacroCell: Net_4 from registered to combinatorial
    Converted constant MacroCell: \UART_1:BUART:reset_reg\ from registered to combinatorial

Removing unused cells resulting from optimization
    Removed unused cell/equation 'Net_4:macrocell'
Done removing unused cells.
<CYPRESSTAG name="Global Clock Selection" icon="FILE_RPT_TECHM">
    Fixed Function Clock 8: Automatic-assigning  clock 'Clock_4'. Signal=Net_20_ff8
    Fixed Function Clock 9: Automatic-assigning  clock 'Clock_5'. Signal=Net_29_ff9
    Digital Clock 0: Automatic-assigning  clock 'UART_1_IntClock'. Fanout=1, Signal=\UART_1:Net_9_digital\
<CYPRESSTAG name="UDB Clock/Enable Remapping Results">
    UDB Clk/Enable \UART_1:BUART:ClkSync\: with output requested to be synchronous
        ClockIn: ClockGenBlock:m0s8clockgenblockcell.gen_clk_out_0 was determined to be a global clock that is synchronous to HFCLK
        EnableIn: Constant 1 was determined to be synchronous to ClockIn
        ClockOut: ClockGenBlock:m0s8clockgenblockcell.gen_clk_out_0, EnableOut: Constant 1
</CYPRESSTAG>
</CYPRESSTAG>

Removing unused cells resulting from optimization
    Removed unused cell/equation '\UART_1:BUART:reset_reg\:macrocell'
    Removed unused cell/equation '\UART_1:BUART:tx_mark\\D\:macrocell'
    Removed unused cell/equation '\UART_1:BUART:tx_parity_bit\\D\:macrocell'
    Removed unused cell/equation '\UART_1:BUART:tx_state_0\\D\:macrocell'
    Removed unused cell/equation '\UART_1:BUART:tx_state_1\\D\:macrocell'
    Removed unused cell/equation '\UART_1:BUART:tx_state_2\\D\:macrocell'
    Removed unused cell/equation '\UART_1:BUART:txn\\D\:macrocell'
    Removed unused cell/equation '__ZERO__:macrocell'
Done removing unused cells.
<CYPRESSTAG name="Duplicate Macrocell detection">
</CYPRESSTAG>
</CYPRESSTAG>
<CYPRESSTAG name="Duplicate Macrocell detection">

Removing duplicate macrocells
    Removing \UART_1:BUART:tx_parity_bit\, Duplicate of \UART_1:BUART:tx_ctrl_mark_last\ 
    MacroCell: Name=\UART_1:BUART:tx_parity_bit\, Mode=(T-Register)
        Total # of inputs        : 0
        Total # of product terms : 0
        List of special equations: 
            Clock  = (\UART_1:Net_9_digital\) => Global
            Clock Enable: True
        Main Equation            : 0 pterms
        (
            0
        );
        Output = \UART_1:BUART:tx_parity_bit\ (fanout=0)

    Removing \UART_1:BUART:tx_mark\, Duplicate of \UART_1:BUART:tx_ctrl_mark_last\ 
    MacroCell: Name=\UART_1:BUART:tx_mark\, Mode=(T-Register)
        Total # of inputs        : 0
        Total # of product terms : 0
        List of special equations: 
            Clock  = (\UART_1:Net_9_digital\) => Global
            Clock Enable: True
        Main Equation            : 0 pterms
        (
            0
        );
        Output = \UART_1:BUART:tx_mark\ (fanout=0)


Removing unused cells resulting from optimization
    Removed unused cell/equation '\UART_1:BUART:tx_ctrl_mark_last\:macrocell'
Done removing unused cells.
End removing duplicate macrocells: used 1 pass
</CYPRESSTAG>
<CYPRESSTAG name="Design Equations" icon="FILE_RPT_EQUATION">

------------------------------------------------------------
Design Equations
------------------------------------------------------------
    <CYPRESSTAG name="Pin listing">

    ------------------------------------------------------------
    Pin listing
    ------------------------------------------------------------

    Pin : Name = Channel_1(0)
        Attributes:
            In Group/Port: True
            In Sync Option: SYNC
            Out Sync Option: AUTO
            Interrupt generated: False
            Interrupt mode: NONE
            Drive mode: HI_Z_DIGITAL
            VTrip: CMOS
            Slew: FAST
            Input Sync needed: True
            Output Sync needed: False
            SC shield enabled: False
            POR State: ANY
            LCD Mode: COMMON
            Register Mode: RegComb
            CaSense Mode: NEITHER
            Treat as pin: True
            Is OE Registered: False
            Uses Analog: False
            Can contain Digital: True
            Is SIO: False
            SIO Output Buf: NONREGULATED
            SIO Input Buf: SINGLE_ENDED
            SIO HiFreq: LOW
            SIO Hyst: DISABLED
            SIO Vtrip: MULTIPLIER_0_5
            SIO RefSel: VCC_IO
            Required Capabilitites: DIGITAL, ROUTABLE
            Initial Value: 0
            IO Voltage: 0
        PORT MAP (
            pa_out => Channel_1(0)__PA ,
            fb => Net_582 ,
            pad => Channel_1(0)_PAD );
        Properties:
        {
        }

    Pin : Name = Channel_2(0)
        Attributes:
            In Group/Port: True
            In Sync Option: SYNC
            Out Sync Option: AUTO
            Interrupt generated: False
            Interrupt mode: NONE
            Drive mode: HI_Z_DIGITAL
            VTrip: CMOS
            Slew: FAST
            Input Sync needed: True
            Output Sync needed: False
            SC shield enabled: False
            POR State: ANY
            LCD Mode: COMMON
            Register Mode: RegComb
            CaSense Mode: NEITHER
            Treat as pin: True
            Is OE Registered: False
            Uses Analog: False
            Can contain Digital: True
            Is SIO: False
            SIO Output Buf: NONREGULATED
            SIO Input Buf: SINGLE_ENDED
            SIO HiFreq: LOW
            SIO Hyst: DISABLED
            SIO Vtrip: MULTIPLIER_0_5
            SIO RefSel: VCC_IO
            Required Capabilitites: DIGITAL, ROUTABLE
            Initial Value: 0
            IO Voltage: 0
        PORT MAP (
            pa_out => Channel_2(0)__PA ,
            fb => Net_594 ,
            pad => Channel_2(0)_PAD );
        Properties:
        {
        }

    Pin : Name = LED(0)
        Attributes:
            In Group/Port: True
            In Sync Option: AUTO
            Out Sync Option: NOSYNC
            Interrupt generated: False
            Interrupt mode: NONE
            Drive mode: CMOS_OUT
            VTrip: EITHER
            Slew: FAST
            Input Sync needed: False
            Output Sync needed: False
            SC shield enabled: False
            POR State: ANY
            LCD Mode: COMMON
            Register Mode: RegComb
            CaSense Mode: NEITHER
            Treat as pin: True
            Is OE Registered: False
            Uses Analog: False
            Can contain Digital: True
            Is SIO: False
            SIO Output Buf: NONREGULATED
            SIO Input Buf: SINGLE_ENDED
            SIO HiFreq: LOW
            SIO Hyst: DISABLED
            SIO Vtrip: MULTIPLIER_0_5
            SIO RefSel: VCC_IO
            Required Capabilitites: DIGITAL
            Initial Value: 0
            IO Voltage: 0
        PORT MAP (
            pa_out => LED(0)__PA ,
            pad => LED(0)_PAD );
        Properties:
        {
        }

    Pin : Name = tx(0)
        Attributes:
            In Group/Port: True
            In Sync Option: AUTO
            Out Sync Option: NOSYNC
            Interrupt generated: False
            Interrupt mode: NONE
            Drive mode: CMOS_OUT
            VTrip: EITHER
            Slew: FAST
            Input Sync needed: False
            Output Sync needed: False
            SC shield enabled: False
            POR State: ANY
            LCD Mode: COMMON
            Register Mode: RegComb
            CaSense Mode: NEITHER
            Treat as pin: True
            Is OE Registered: False
            Uses Analog: False
            Can contain Digital: True
            Is SIO: False
            SIO Output Buf: NONREGULATED
            SIO Input Buf: SINGLE_ENDED
            SIO HiFreq: LOW
            SIO Hyst: DISABLED
            SIO Vtrip: MULTIPLIER_0_5
            SIO RefSel: VCC_IO
            Required Capabilitites: DIGITAL, ROUTABLE
            Initial Value: 1
            IO Voltage: 0
        PORT MAP (
            pa_out => tx(0)__PA ,
            input => Net_2 ,
            pad => tx(0)_PAD );
        Properties:
        {
        }
    </CYPRESSTAG>
    <CYPRESSTAG name="Macrocell listing" icon="FILE_RPT_EQUATION">

    ------------------------------------------------------------
    Macrocell listing
    ------------------------------------------------------------

    MacroCell: Name=Net_2, Mode=(Combinatorial)
        Total # of inputs        : 1
        Total # of product terms : 1
            Clock Enable: True
        Main Equation            : 1 pterm
        (
              !\UART_1:BUART:txn\
        );
        Output = Net_2 (fanout=1)

    MacroCell: Name=\UART_1:BUART:counter_load_not\, Mode=(Combinatorial)
        Total # of inputs        : 4
        Total # of product terms : 2
            Clock Enable: True
        Main Equation            : 2 pterms
        !(
              !\UART_1:BUART:tx_state_1\ * !\UART_1:BUART:tx_state_0\ * 
              !\UART_1:BUART:tx_state_2\
            + !\UART_1:BUART:tx_state_1\ * !\UART_1:BUART:tx_state_0\ * 
              \UART_1:BUART:tx_bitclk\
        );
        Output = \UART_1:BUART:counter_load_not\ (fanout=1)

    MacroCell: Name=\UART_1:BUART:tx_bitclk\, Mode=(D-Register)
        Total # of inputs        : 1
        Total # of product terms : 1
        List of special equations: 
            Clock  = (\UART_1:Net_9_digital\) => Global
            Clock Enable: True
        Main Equation            : 1 pterm
        (
              !\UART_1:BUART:tx_bitclk_dp\
        );
        Output = \UART_1:BUART:tx_bitclk\ (fanout=6)

    MacroCell: Name=\UART_1:BUART:tx_bitclk_enable_pre\, Mode=(Combinatorial)
        Total # of inputs        : 1
        Total # of product terms : 1
            Clock Enable: True
        Main Equation            : 1 pterm
        (
              !\UART_1:BUART:tx_bitclk_dp\
        );
        Output = \UART_1:BUART:tx_bitclk_enable_pre\ (fanout=1)

    MacroCell: Name=\UART_1:BUART:tx_state_0\, Mode=(T-Register)
        Total # of inputs        : 5
        Total # of product terms : 4
        List of special equations: 
            Clock  = (\UART_1:Net_9_digital\) => Global
            Clock Enable: True
        Main Equation            : 4 pterms
        (
              !\UART_1:BUART:tx_state_1\ * !\UART_1:BUART:tx_state_0\ * 
              !\UART_1:BUART:tx_fifo_empty\ * !\UART_1:BUART:tx_state_2\
            + !\UART_1:BUART:tx_state_1\ * !\UART_1:BUART:tx_state_0\ * 
              !\UART_1:BUART:tx_fifo_empty\ * \UART_1:BUART:tx_bitclk\
            + \UART_1:BUART:tx_state_1\ * \UART_1:BUART:tx_state_0\ * 
              \UART_1:BUART:tx_fifo_empty\ * \UART_1:BUART:tx_bitclk\
            + \UART_1:BUART:tx_state_0\ * !\UART_1:BUART:tx_state_2\ * 
              \UART_1:BUART:tx_bitclk\
        );
        Output = \UART_1:BUART:tx_state_0\ (fanout=7)

    MacroCell: Name=\UART_1:BUART:tx_state_1\, Mode=(T-Register)
        Total # of inputs        : 5
        Total # of product terms : 3
        List of special equations: 
            Clock  = (\UART_1:Net_9_digital\) => Global
            Clock Enable: True
        Main Equation            : 3 pterms
        (
              \UART_1:BUART:tx_state_1\ * \UART_1:BUART:tx_state_0\ * 
              \UART_1:BUART:tx_bitclk\
            + \UART_1:BUART:tx_state_1\ * !\UART_1:BUART:tx_state_2\ * 
              \UART_1:BUART:tx_bitclk\ * !\UART_1:BUART:tx_counter_dp\
            + \UART_1:BUART:tx_state_0\ * !\UART_1:BUART:tx_state_2\ * 
              \UART_1:BUART:tx_bitclk\
        );
        Output = \UART_1:BUART:tx_state_1\ (fanout=7)

    MacroCell: Name=\UART_1:BUART:tx_state_2\, Mode=(T-Register)
        Total # of inputs        : 5
        Total # of product terms : 3
        List of special equations: 
            Clock  = (\UART_1:Net_9_digital\) => Global
            Clock Enable: True
        Main Equation            : 3 pterms
        (
              !\UART_1:BUART:tx_state_1\ * !\UART_1:BUART:tx_state_0\ * 
              \UART_1:BUART:tx_state_2\ * \UART_1:BUART:tx_bitclk\
            + \UART_1:BUART:tx_state_1\ * \UART_1:BUART:tx_state_0\ * 
              \UART_1:BUART:tx_bitclk\
            + \UART_1:BUART:tx_state_1\ * !\UART_1:BUART:tx_state_2\ * 
              \UART_1:BUART:tx_bitclk\ * !\UART_1:BUART:tx_counter_dp\
        );
        Output = \UART_1:BUART:tx_state_2\ (fanout=6)

    MacroCell: Name=\UART_1:BUART:tx_status_0\, Mode=(Combinatorial)
        Total # of inputs        : 5
        Total # of product terms : 1
            Clock Enable: True
        Main Equation            : 1 pterm
        (
              !\UART_1:BUART:tx_state_1\ * !\UART_1:BUART:tx_state_0\ * 
              \UART_1:BUART:tx_fifo_empty\ * \UART_1:BUART:tx_state_2\ * 
              \UART_1:BUART:tx_bitclk\
        );
        Output = \UART_1:BUART:tx_status_0\ (fanout=1)

    MacroCell: Name=\UART_1:BUART:tx_status_2\, Mode=(Combinatorial)
        Total # of inputs        : 1
        Total # of product terms : 1
            Clock Enable: True
        Main Equation            : 1 pterm
        (
              !\UART_1:BUART:tx_fifo_notfull\
        );
        Output = \UART_1:BUART:tx_status_2\ (fanout=1)

    MacroCell: Name=\UART_1:BUART:txn\, Mode=(D-Register)
        Total # of inputs        : 7
        Total # of product terms : 5
        List of special equations: 
            Clock  = (\UART_1:Net_9_digital\) => Global
            Clock Enable: True
        Main Equation            : 5 pterms
        (
              \UART_1:BUART:txn\ * \UART_1:BUART:tx_state_1\ * 
              !\UART_1:BUART:tx_bitclk\
            + \UART_1:BUART:txn\ * \UART_1:BUART:tx_state_2\
            + !\UART_1:BUART:tx_state_1\ * \UART_1:BUART:tx_state_0\ * 
              !\UART_1:BUART:tx_shift_out\ * !\UART_1:BUART:tx_state_2\
            + !\UART_1:BUART:tx_state_1\ * \UART_1:BUART:tx_state_0\ * 
              !\UART_1:BUART:tx_state_2\ * !\UART_1:BUART:tx_bitclk\
            + \UART_1:BUART:tx_state_1\ * !\UART_1:BUART:tx_state_0\ * 
              !\UART_1:BUART:tx_shift_out\ * !\UART_1:BUART:tx_state_2\ * 
              \UART_1:BUART:tx_bitclk\ * \UART_1:BUART:tx_counter_dp\
        );
        Output = \UART_1:BUART:txn\ (fanout=2)
    </CYPRESSTAG>
    <CYPRESSTAG name="Datapath listing">

    ------------------------------------------------------------
    Datapath listing
    ------------------------------------------------------------

    datapathcell: Name =\UART_1:BUART:sTX:TxShifter:u0\
        PORT MAP (
            clock => \UART_1:Net_9_digital\ ,
            cs_addr_2 => \UART_1:BUART:tx_state_1\ ,
            cs_addr_1 => \UART_1:BUART:tx_state_0\ ,
            cs_addr_0 => \UART_1:BUART:tx_bitclk_enable_pre\ ,
            so_comb => \UART_1:BUART:tx_shift_out\ ,
            f0_bus_stat_comb => \UART_1:BUART:tx_fifo_notfull\ ,
            f0_blk_stat_comb => \UART_1:BUART:tx_fifo_empty\ );
        Properties:
        {
            a0_init = "00000000"
            a1_init = "00000000"
            ce0_sync = 1
            ce1_sync = 1
            cl0_sync = 1
            cl1_sync = 1
            cmsb_sync = 1
            co_msb_sync = 1
            cy_dpconfig = "0000000000000000000000000000000000000000000000000000000011000000000000000000000000000010010000000000000000000000000000000000000011111111000000001111111111111111000000000000000001000100111100000000000000001100"
            d0_init = "00000000"
            d1_init = "00000000"
            f0_blk_sync = 1
            f0_bus_sync = 1
            f1_blk_sync = 1
            f1_bus_sync = 1
            ff0_sync = 1
            ff1_sync = 1
            ov_msb_sync = 1
            so_sync = 1
            z0_sync = 1
            z1_sync = 1
        }
        Clock Polarity: Active High
        Clock Enable: True

    datapathcell: Name =\UART_1:BUART:sTX:sCLOCK:TxBitClkGen\
        PORT MAP (
            clock => \UART_1:Net_9_digital\ ,
            cs_addr_0 => \UART_1:BUART:counter_load_not\ ,
            cl0_comb => \UART_1:BUART:tx_bitclk_dp\ ,
            cl1_comb => \UART_1:BUART:tx_counter_dp\ );
        Properties:
        {
            a0_init = "00000000"
            a1_init = "00000000"
            ce0_sync = 1
            ce1_sync = 1
            cl0_sync = 1
            cl1_sync = 1
            cmsb_sync = 1
            co_msb_sync = 1
            cy_dpconfig = "1010100001000000001000000100000000000000000000000000000000000000000000000000000000000000000000000000000000000000000000000000000011111111000000001111111100000111001000000100000000000101111100000000000000001000"
            d0_init = "00000000"
            d1_init = "00000000"
            f0_blk_sync = 1
            f0_bus_sync = 1
            f1_blk_sync = 1
            f1_bus_sync = 1
            ff0_sync = 1
            ff1_sync = 1
            ov_msb_sync = 1
            so_sync = 1
            z0_sync = 1
            z1_sync = 1
        }
        Clock Polarity: Active High
        Clock Enable: True
    </CYPRESSTAG>
    <CYPRESSTAG name="Status register listing">
    </CYPRESSTAG>
    <CYPRESSTAG name="StatusI register listing">

    ------------------------------------------------------------
    StatusI register listing
    ------------------------------------------------------------

    statusicell: Name =\UART_1:BUART:sTX:TxSts\
        PORT MAP (
            clock => \UART_1:Net_9_digital\ ,
            status_3 => \UART_1:BUART:tx_fifo_notfull\ ,
            status_2 => \UART_1:BUART:tx_status_2\ ,
            status_1 => \UART_1:BUART:tx_fifo_empty\ ,
            status_0 => \UART_1:BUART:tx_status_0\ );
        Properties:
        {
            cy_force_order = 1
            cy_int_mask = "1111111"
            cy_md_select = "0000001"
        }
        Clock Polarity: Active High
        Clock Enable: True
    </CYPRESSTAG>
    <CYPRESSTAG name="Sync listing">
    </CYPRESSTAG>
    <CYPRESSTAG name="Control register listing">
    </CYPRESSTAG>
    <CYPRESSTAG name="Count7 listing">
    </CYPRESSTAG>
    <CYPRESSTAG name="DRQ listing">
    </CYPRESSTAG>
    <CYPRESSTAG name="Interrupt listing">

    ------------------------------------------------------------
    Interrupt listing
    ------------------------------------------------------------

    interrupt: Name =ISR
        PORT MAP (
            interrupt => Net_14 );
        Properties:
        {
            int_type = "10"
        }

    interrupt: Name =ISR_1
        PORT MAP (
            interrupt => Net_23 );
        Properties:
        {
            int_type = "10"
        }
    </CYPRESSTAG>
</CYPRESSTAG>
<CYPRESSTAG name="Technology mapping summary" expanded>

------------------------------------------------------------
Technology mapping summary
------------------------------------------------------------

Resource Type                 : Used : Free :  Max :  % Used
============================================================
Digital clock dividers        :    1 :    3 :    4 :  25.00%
Pins                          :    6 :   30 :   36 :  16.67%
UDB Macrocells                :   10 :   22 :   32 :  31.25%
UDB Unique Pterms             :   18 :   46 :   64 :  28.13%
UDB Total Pterms              :   22 :      :      : 
UDB Datapath Cells            :    2 :    2 :    4 :  50.00%
UDB Status Cells              :    1 :    3 :    4 :  25.00%
            StatusI Registers :    1 
UDB Control Cells             :    0 :    4 :    4 :   0.00%
Interrupts                    :    2 :   30 :   32 :   6.25%
Comparator/Opamp Fixed Blocks :    0 :    2 :    2 :   0.00%
SAR Fixed Blocks              :    0 :    1 :    1 :   0.00%
CSD Fixed Blocks              :    0 :    1 :    1 :   0.00%
CapSense Blocks               :    0 :    1 :    1 :   0.00%
8-bit CapSense IDACs          :    0 :    1 :    1 :   0.00%
7-bit CapSense IDACs          :    0 :    1 :    1 :   0.00%
Temperature Sensor            :    0 :    1 :    1 :   0.00%
Low Power Comparator          :    0 :    2 :    2 :   0.00%
TCPWM Blocks                  :    2 :    2 :    4 :  50.00%
Serial Communication Blocks   :    0 :    2 :    2 :   0.00%
Segment LCD Blocks            :    0 :    1 :    1 :   0.00%
</CYPRESSTAG>
Technology Mapping: Elapsed time ==> 0s.109ms
Info: mpr.M0037: Unused pieces of the design have been optimized out. See the Tech mapping section of the report file for details. (App=cydsfit)
Tech mapping phase: Elapsed time ==> 0s.140ms
</CYPRESSTAG>
<CYPRESSTAG name="Analog Placement">
<CYPRESSTAG name="Analog Placement">
Elapsed time ==> 0.0053653s
</CYPRESSTAG>
Analog Placement phase: Elapsed time ==> 0s.046ms
</CYPRESSTAG>
<CYPRESSTAG name="Analog Routing">
<CYPRESSTAG name="Analog Routing">
Route success=True, Iterations=1 Elapsed=0.0003366 secs
</CYPRESSTAG>
Analog Routing phase: Elapsed time ==> 0s.000ms
</CYPRESSTAG>
<CYPRESSTAG name="Analog Code Generation">
============ Analog Final Answer Routes ============
Dump of CyAnalogRoutingResultsDB
Map of net to items {
}
Map of item to net {
}
Mux Info {
}
Analog Code Generation phase: Elapsed time ==> 0s.124ms
</CYPRESSTAG>
<CYPRESSTAG name="Digital Placement">
<CYPRESSTAG name="Detailed placement messages">
I2076: Total run-time: 0.3 sec.

</CYPRESSTAG>
<CYPRESSTAG name="PLD Packing">
<CYPRESSTAG name="PLD Packing Summary" expanded>

------------------------------------------------------------
PLD Packing Summary
------------------------------------------------------------
            Resource Type : Used : Free :  Max :  % Used
    ====================================================
                     PLDs :    4 :    4 :    8 :  50.00%

<CYPRESSTAG name="PLD Statistics">

        PLD Resource Type :     Average/LAB
    =======================================
                   Inputs :            6.50
                   Pterms :            5.25
               Macrocells :            2.50
</CYPRESSTAG>
<CYPRESSTAG name="Packed PLD Contents">
Packed PLD Contents not displayed at this verbose level.</CYPRESSTAG>
</CYPRESSTAG>
PLD Packing: Elapsed time ==> 0s.000ms
</CYPRESSTAG>
<CYPRESSTAG name="Partitioning">
<CYPRESSTAG name="Initial Partitioning Summary">
Initial Partitioning Summary not displayed at this verbose level.</CYPRESSTAG>
<CYPRESSTAG name="Final Partitioning Summary">
Final Partitioning Summary not displayed at this verbose level.</CYPRESSTAG>
Partitioning: Elapsed time ==> 0s.015ms
</CYPRESSTAG>
<CYPRESSTAG name="Simulated Annealing">
Annealing: Elapsed time ==> 0s.000ms
<CYPRESSTAG name="Simulated Annealing Results">
The seed used for moves was 114161200.
Inital cost was 31, final cost is 31 (0.00% improvement).</CYPRESSTAG>
</CYPRESSTAG>
<CYPRESSTAG name="Final Placement Summary">

------------------------------------------------------------
Final Placement Summary
------------------------------------------------------------

       Resource Type :      Count : Avg Inputs : Avg Outputs
    ========================================================
                 UDB :          2 :       7.50 :       5.00
<CYPRESSTAG name="Final Placement Details">
<CYPRESSTAG name="Component Details">

------------------------------------------------------------
Component Placement Details
------------------------------------------------------------
UDB [UDB=(0,0)] is empty.
UDB [UDB=(0,1)] contents:
LAB@[UDB=(0,1)][LB=0] #macrocells=1, #inputs=7, #pterms=5
{
    [McSlotId=0]:     MacroCell: Name=\UART_1:BUART:txn\, Mode=(D-Register) @ [UDB=(0,1)][LB=0][MC=0]
        Total # of inputs        : 7
        Total # of product terms : 5
        List of special equations: 
            Clock  = (\UART_1:Net_9_digital\) => Global
            Clock Enable: True
        Main Equation            : 5 pterms
        (
              \UART_1:BUART:txn\ * \UART_1:BUART:tx_state_1\ * 
              !\UART_1:BUART:tx_bitclk\
            + \UART_1:BUART:txn\ * \UART_1:BUART:tx_state_2\
            + !\UART_1:BUART:tx_state_1\ * \UART_1:BUART:tx_state_0\ * 
              !\UART_1:BUART:tx_shift_out\ * !\UART_1:BUART:tx_state_2\
            + !\UART_1:BUART:tx_state_1\ * \UART_1:BUART:tx_state_0\ * 
              !\UART_1:BUART:tx_state_2\ * !\UART_1:BUART:tx_bitclk\
            + \UART_1:BUART:tx_state_1\ * !\UART_1:BUART:tx_state_0\ * 
              !\UART_1:BUART:tx_shift_out\ * !\UART_1:BUART:tx_state_2\ * 
              \UART_1:BUART:tx_bitclk\ * \UART_1:BUART:tx_counter_dp\
        );
        Output = \UART_1:BUART:txn\ (fanout=2)
        Properties               : 
        {
        }

    [McSlotId=1]: (empty)
    [McSlotId=2]: (empty)
    [McSlotId=3]: (empty)
}

LAB@[UDB=(0,1)][LB=1] #macrocells=4, #inputs=6, #pterms=4
{
    [McSlotId=0]:     MacroCell: Name=\UART_1:BUART:counter_load_not\, Mode=(Combinatorial) @ [UDB=(0,1)][LB=1][MC=0]
        Total # of inputs        : 4
        Total # of product terms : 2
            Clock Enable: True
        Main Equation            : 2 pterms
        !(
              !\UART_1:BUART:tx_state_1\ * !\UART_1:BUART:tx_state_0\ * 
              !\UART_1:BUART:tx_state_2\
            + !\UART_1:BUART:tx_state_1\ * !\UART_1:BUART:tx_state_0\ * 
              \UART_1:BUART:tx_bitclk\
        );
        Output = \UART_1:BUART:counter_load_not\ (fanout=1)
        Properties               : 
        {
        }

    [McSlotId=1]:     MacroCell: Name=\UART_1:BUART:tx_bitclk\, Mode=(D-Register) @ [UDB=(0,1)][LB=1][MC=1]
        Total # of inputs        : 1
        Total # of product terms : 1
        List of special equations: 
            Clock  = (\UART_1:Net_9_digital\) => Global
            Clock Enable: True
        Main Equation            : 1 pterm
        (
              !\UART_1:BUART:tx_bitclk_dp\
        );
        Output = \UART_1:BUART:tx_bitclk\ (fanout=6)
        Properties               : 
        {
        }

    [McSlotId=2]:     MacroCell: Name=\UART_1:BUART:tx_bitclk_enable_pre\, Mode=(Combinatorial) @ [UDB=(0,1)][LB=1][MC=2]
        Total # of inputs        : 1
        Total # of product terms : 1
            Clock Enable: True
        Main Equation            : 1 pterm
        (
              !\UART_1:BUART:tx_bitclk_dp\
        );
        Output = \UART_1:BUART:tx_bitclk_enable_pre\ (fanout=1)
        Properties               : 
        {
        }

    [McSlotId=3]:     MacroCell: Name=Net_2, Mode=(Combinatorial) @ [UDB=(0,1)][LB=1][MC=3]
        Total # of inputs        : 1
        Total # of product terms : 1
            Clock Enable: True
        Main Equation            : 1 pterm
        (
              !\UART_1:BUART:txn\
        );
        Output = Net_2 (fanout=1)
        Properties               : 
        {
        }
}

datapathcell: Name =\UART_1:BUART:sTX:sCLOCK:TxBitClkGen\
    PORT MAP (
        clock => \UART_1:Net_9_digital\ ,
        cs_addr_0 => \UART_1:BUART:counter_load_not\ ,
        cl0_comb => \UART_1:BUART:tx_bitclk_dp\ ,
        cl1_comb => \UART_1:BUART:tx_counter_dp\ );
    Properties:
    {
        a0_init = "00000000"
        a1_init = "00000000"
        ce0_sync = 1
        ce1_sync = 1
        cl0_sync = 1
        cl1_sync = 1
        cmsb_sync = 1
        co_msb_sync = 1
        cy_dpconfig = "1010100001000000001000000100000000000000000000000000000000000000000000000000000000000000000000000000000000000000000000000000000011111111000000001111111100000111001000000100000000000101111100000000000000001000"
        d0_init = "00000000"
        d1_init = "00000000"
        f0_blk_sync = 1
        f0_bus_sync = 1
        f1_blk_sync = 1
        f1_bus_sync = 1
        ff0_sync = 1
        ff1_sync = 1
        ov_msb_sync = 1
        so_sync = 1
        z0_sync = 1
        z1_sync = 1
    }
    Clock Polarity: Active High
    Clock Enable: True

UDB [UDB=(1,0)] is empty.
UDB [UDB=(1,1)] contents:
LAB@[UDB=(1,1)][LB=0] #macrocells=2, #inputs=6, #pterms=4
{
    [McSlotId=0]:     MacroCell: Name=\UART_1:BUART:tx_state_1\, Mode=(T-Register) @ [UDB=(1,1)][LB=0][MC=0]
        Total # of inputs        : 5
        Total # of product terms : 3
        List of special equations: 
            Clock  = (\UART_1:Net_9_digital\) => Global
            Clock Enable: True
        Main Equation            : 3 pterms
        (
              \UART_1:BUART:tx_state_1\ * \UART_1:BUART:tx_state_0\ * 
              \UART_1:BUART:tx_bitclk\
            + \UART_1:BUART:tx_state_1\ * !\UART_1:BUART:tx_state_2\ * 
              \UART_1:BUART:tx_bitclk\ * !\UART_1:BUART:tx_counter_dp\
            + \UART_1:BUART:tx_state_0\ * !\UART_1:BUART:tx_state_2\ * 
              \UART_1:BUART:tx_bitclk\
        );
        Output = \UART_1:BUART:tx_state_1\ (fanout=7)
        Properties               : 
        {
        }

    [McSlotId=1]:     MacroCell: Name=\UART_1:BUART:tx_status_0\, Mode=(Combinatorial) @ [UDB=(1,1)][LB=0][MC=1]
        Total # of inputs        : 5
        Total # of product terms : 1
            Clock Enable: True
        Main Equation            : 1 pterm
        (
              !\UART_1:BUART:tx_state_1\ * !\UART_1:BUART:tx_state_0\ * 
              \UART_1:BUART:tx_fifo_empty\ * \UART_1:BUART:tx_state_2\ * 
              \UART_1:BUART:tx_bitclk\
        );
        Output = \UART_1:BUART:tx_status_0\ (fanout=1)
        Properties               : 
        {
        }

    [McSlotId=2]: (empty)
    [McSlotId=3]: (empty)
}

LAB@[UDB=(1,1)][LB=1] #macrocells=3, #inputs=7, #pterms=8
{
    [McSlotId=0]:     MacroCell: Name=\UART_1:BUART:tx_status_2\, Mode=(Combinatorial) @ [UDB=(1,1)][LB=1][MC=0]
        Total # of inputs        : 1
        Total # of product terms : 1
            Clock Enable: True
        Main Equation            : 1 pterm
        (
              !\UART_1:BUART:tx_fifo_notfull\
        );
        Output = \UART_1:BUART:tx_status_2\ (fanout=1)
        Properties               : 
        {
        }

    [McSlotId=1]:     MacroCell: Name=\UART_1:BUART:tx_state_0\, Mode=(T-Register) @ [UDB=(1,1)][LB=1][MC=1]
        Total # of inputs        : 5
        Total # of product terms : 4
        List of special equations: 
            Clock  = (\UART_1:Net_9_digital\) => Global
            Clock Enable: True
        Main Equation            : 4 pterms
        (
              !\UART_1:BUART:tx_state_1\ * !\UART_1:BUART:tx_state_0\ * 
              !\UART_1:BUART:tx_fifo_empty\ * !\UART_1:BUART:tx_state_2\
            + !\UART_1:BUART:tx_state_1\ * !\UART_1:BUART:tx_state_0\ * 
              !\UART_1:BUART:tx_fifo_empty\ * \UART_1:BUART:tx_bitclk\
            + \UART_1:BUART:tx_state_1\ * \UART_1:BUART:tx_state_0\ * 
              \UART_1:BUART:tx_fifo_empty\ * \UART_1:BUART:tx_bitclk\
            + \UART_1:BUART:tx_state_0\ * !\UART_1:BUART:tx_state_2\ * 
              \UART_1:BUART:tx_bitclk\
        );
        Output = \UART_1:BUART:tx_state_0\ (fanout=7)
        Properties               : 
        {
        }

    [McSlotId=2]: (empty)
    [McSlotId=3]:     MacroCell: Name=\UART_1:BUART:tx_state_2\, Mode=(T-Register) @ [UDB=(1,1)][LB=1][MC=3]
        Total # of inputs        : 5
        Total # of product terms : 3
        List of special equations: 
            Clock  = (\UART_1:Net_9_digital\) => Global
            Clock Enable: True
        Main Equation            : 3 pterms
        (
              !\UART_1:BUART:tx_state_1\ * !\UART_1:BUART:tx_state_0\ * 
              \UART_1:BUART:tx_state_2\ * \UART_1:BUART:tx_bitclk\
            + \UART_1:BUART:tx_state_1\ * \UART_1:BUART:tx_state_0\ * 
              \UART_1:BUART:tx_bitclk\
            + \UART_1:BUART:tx_state_1\ * !\UART_1:BUART:tx_state_2\ * 
              \UART_1:BUART:tx_bitclk\ * !\UART_1:BUART:tx_counter_dp\
        );
        Output = \UART_1:BUART:tx_state_2\ (fanout=6)
        Properties               : 
        {
        }
}

datapathcell: Name =\UART_1:BUART:sTX:TxShifter:u0\
    PORT MAP (
        clock => \UART_1:Net_9_digital\ ,
        cs_addr_2 => \UART_1:BUART:tx_state_1\ ,
        cs_addr_1 => \UART_1:BUART:tx_state_0\ ,
        cs_addr_0 => \UART_1:BUART:tx_bitclk_enable_pre\ ,
        so_comb => \UART_1:BUART:tx_shift_out\ ,
        f0_bus_stat_comb => \UART_1:BUART:tx_fifo_notfull\ ,
        f0_blk_stat_comb => \UART_1:BUART:tx_fifo_empty\ );
    Properties:
    {
        a0_init = "00000000"
        a1_init = "00000000"
        ce0_sync = 1
        ce1_sync = 1
        cl0_sync = 1
        cl1_sync = 1
        cmsb_sync = 1
        co_msb_sync = 1
        cy_dpconfig = "0000000000000000000000000000000000000000000000000000000011000000000000000000000000000010010000000000000000000000000000000000000011111111000000001111111111111111000000000000000001000100111100000000000000001100"
        d0_init = "00000000"
        d1_init = "00000000"
        f0_blk_sync = 1
        f0_bus_sync = 1
        f1_blk_sync = 1
        f1_bus_sync = 1
        ff0_sync = 1
        ff1_sync = 1
        ov_msb_sync = 1
        so_sync = 1
        z0_sync = 1
        z1_sync = 1
    }
    Clock Polarity: Active High
    Clock Enable: True

statusicell: Name =\UART_1:BUART:sTX:TxSts\
    PORT MAP (
        clock => \UART_1:Net_9_digital\ ,
        status_3 => \UART_1:BUART:tx_fifo_notfull\ ,
        status_2 => \UART_1:BUART:tx_status_2\ ,
        status_1 => \UART_1:BUART:tx_fifo_empty\ ,
        status_0 => \UART_1:BUART:tx_status_0\ );
    Properties:
    {
        cy_force_order = 1
        cy_int_mask = "1111111"
        cy_md_select = "0000001"
    }
    Clock Polarity: Active High
    Clock Enable: True

Intr hod @ [IntrHod=(0)]: 
  Intr@ [IntrHod=(0)][IntrId=(16)] 
    interrupt: Name =ISR
        PORT MAP (
            interrupt => Net_14 );
        Properties:
        {
            int_type = "10"
        }
  Intr@ [IntrHod=(0)][IntrId=(17)] 
    interrupt: Name =ISR_1
        PORT MAP (
            interrupt => Net_23 );
        Properties:
        {
            int_type = "10"
        }
Port 0 is empty
Port 1 contains the following IO cells:
[IoId=6]: 
Pin : Name = LED(0)
    Attributes:
        In Group/Port: True
        In Sync Option: AUTO
        Out Sync Option: NOSYNC
        Interrupt generated: False
        Interrupt mode: NONE
        Drive mode: CMOS_OUT
        VTrip: EITHER
        Slew: FAST
        Input Sync needed: False
        Output Sync needed: False
        SC shield enabled: False
        POR State: ANY
        LCD Mode: COMMON
        Register Mode: RegComb
        CaSense Mode: NEITHER
        Treat as pin: True
        Is OE Registered: False
        Uses Analog: False
        Can contain Digital: True
        Is SIO: False
        SIO Output Buf: NONREGULATED
        SIO Input Buf: SINGLE_ENDED
        SIO HiFreq: LOW
        SIO Hyst: DISABLED
        SIO Vtrip: MULTIPLIER_0_5
        SIO RefSel: VCC_IO
        Required Capabilitites: DIGITAL
        Initial Value: 0
        IO Voltage: 0
    PORT MAP (
        pa_out => LED(0)__PA ,
        pad => LED(0)_PAD );
    Properties:
    {
    }

Port 2 contains the following IO cells:
[IoId=0]: 
Pin : Name = tx(0)
    Attributes:
        In Group/Port: True
        In Sync Option: AUTO
        Out Sync Option: NOSYNC
        Interrupt generated: False
        Interrupt mode: NONE
        Drive mode: CMOS_OUT
        VTrip: EITHER
        Slew: FAST
        Input Sync needed: False
        Output Sync needed: False
        SC shield enabled: False
        POR State: ANY
        LCD Mode: COMMON
        Register Mode: RegComb
        CaSense Mode: NEITHER
        Treat as pin: True
        Is OE Registered: False
        Uses Analog: False
        Can contain Digital: True
        Is SIO: False
        SIO Output Buf: NONREGULATED
        SIO Input Buf: SINGLE_ENDED
        SIO HiFreq: LOW
        SIO Hyst: DISABLED
        SIO Vtrip: MULTIPLIER_0_5
        SIO RefSel: VCC_IO
        Required Capabilitites: DIGITAL, ROUTABLE
        Initial Value: 1
        IO Voltage: 0
    PORT MAP (
        pa_out => tx(0)__PA ,
        input => Net_2 ,
        pad => tx(0)_PAD );
    Properties:
    {
    }

Port 3 contains the following IO cells:
[IoId=0]: 
Pin : Name = Channel_1(0)
    Attributes:
        In Group/Port: True
        In Sync Option: SYNC
        Out Sync Option: AUTO
        Interrupt generated: False
        Interrupt mode: NONE
        Drive mode: HI_Z_DIGITAL
        VTrip: CMOS
        Slew: FAST
        Input Sync needed: True
        Output Sync needed: False
        SC shield enabled: False
        POR State: ANY
        LCD Mode: COMMON
        Register Mode: RegComb
        CaSense Mode: NEITHER
        Treat as pin: True
        Is OE Registered: False
        Uses Analog: False
        Can contain Digital: True
        Is SIO: False
        SIO Output Buf: NONREGULATED
        SIO Input Buf: SINGLE_ENDED
        SIO HiFreq: LOW
        SIO Hyst: DISABLED
        SIO Vtrip: MULTIPLIER_0_5
        SIO RefSel: VCC_IO
        Required Capabilitites: DIGITAL, ROUTABLE
        Initial Value: 0
        IO Voltage: 0
    PORT MAP (
        pa_out => Channel_1(0)__PA ,
        fb => Net_582 ,
        pad => Channel_1(0)_PAD );
    Properties:
    {
    }

[IoId=4]: 
Pin : Name = Channel_2(0)
    Attributes:
        In Group/Port: True
        In Sync Option: SYNC
        Out Sync Option: AUTO
        Interrupt generated: False
        Interrupt mode: NONE
        Drive mode: HI_Z_DIGITAL
        VTrip: CMOS
        Slew: FAST
        Input Sync needed: True
        Output Sync needed: False
        SC shield enabled: False
        POR State: ANY
        LCD Mode: COMMON
        Register Mode: RegComb
        CaSense Mode: NEITHER
        Treat as pin: True
        Is OE Registered: False
        Uses Analog: False
        Can contain Digital: True
        Is SIO: False
        SIO Output Buf: NONREGULATED
        SIO Input Buf: SINGLE_ENDED
        SIO HiFreq: LOW
        SIO Hyst: DISABLED
        SIO Vtrip: MULTIPLIER_0_5
        SIO RefSel: VCC_IO
        Required Capabilitites: DIGITAL, ROUTABLE
        Initial Value: 0
        IO Voltage: 0
    PORT MAP (
        pa_out => Channel_2(0)__PA ,
        fb => Net_594 ,
        pad => Channel_2(0)_PAD );
    Properties:
    {
    }

Port 4 is empty
Fixed Function block hod @ [FFB(Clock,0)]: 
    M0S8 Clock Block @ [FFB(Clock,0)]: 
    m0s8clockblockcell: Name =ClockBlock
        PORT MAP (
            lfclk => ClockBlock_LFCLK ,
            ilo => ClockBlock_ILO ,
            sysclk => ClockBlock_SYSCLK ,
            ext => ClockBlock_EXTCLK ,
            imo => ClockBlock_IMO ,
            hfclk => ClockBlock_HFCLK ,
            ff_div_8 => Net_20_ff8 ,
            ff_div_9 => Net_29_ff9 ,
            udb_div_0 => dclk_to_genclk );
        Properties:
        {
        }
Fixed Function block hod @ [FFB(PM,0)]: empty
Fixed Function block hod @ [FFB(SPC,0)]: empty
Fixed Function block hod @ [FFB(WDT,0)]: empty
Fixed Function block hod @ [FFB(FSS,0)]: empty
Fixed Function block hod @ [FFB(LPCOMP,0)]: empty
Fixed Function block hod @ [FFB(SCB,0)]: empty
Fixed Function block hod @ [FFB(CSD,0)]: empty
Fixed Function block hod @ [FFB(CSIDAC8,0)]: empty
Fixed Function block hod @ [FFB(CSIDAC7,0)]: empty
Fixed Function block hod @ [FFB(TCPWM,0)]: 
    Tcpwm Block @ [FFB(TCPWM,0)]: 
    m0s8tcpwmcell: Name =\Timer_1:cy_m0s8_tcpwm_1\
        PORT MAP (
            clock => Net_20_ff8 ,
            capture => Net_582 ,
            count => tmpOE__LED_net_0 ,
            reload => Net_582 ,
            stop => Net_582 ,
            start => Net_582 ,
            tr_underflow => Net_16 ,
            tr_overflow => Net_15 ,
            tr_compare_match => Net_17 ,
            line_out => Net_18 ,
            line_out_compl => Net_19 ,
            interrupt => Net_14 );
        Properties:
        {
            cy_registers = ""
        }
    Tcpwm Block @ [FFB(TCPWM,1)]: 
    m0s8tcpwmcell: Name =\Timer_2:cy_m0s8_tcpwm_1\
        PORT MAP (
            clock => Net_29_ff9 ,
            capture => Net_594 ,
            count => tmpOE__LED_net_0 ,
            reload => Net_594 ,
            stop => Net_594 ,
            start => Net_594 ,
            tr_underflow => Net_25 ,
            tr_overflow => Net_24 ,
            tr_compare_match => Net_26 ,
            line_out => Net_27 ,
            line_out_compl => Net_28 ,
            interrupt => Net_23 );
        Properties:
        {
            cy_registers = ""
        }
Fixed Function block hod @ [FFB(OA,0)]: empty
Fixed Function block hod @ [FFB(TEMP,0)]: empty
Fixed Function block hod @ [FFB(SARADC,0)]: empty
Fixed Function block hod @ [FFB(M0S8LCD,0)]: empty
Fixed Function block hod @ [FFB(CLK_GEN,0)]: 
    M0S8 Clock Gen Block @ [FFB(CLK_GEN,0)]: 
    m0s8clockgenblockcell: Name =ClockGenBlock
        PORT MAP (
            gen_clk_out_0 => \UART_1:Net_9_digital\ ,
            gen_clk_in_0 => dclk_to_genclk );
        Properties:
        {
        }
Fixed Function block hod @ [FFB(LPCOMPBLOCK,0)]: empty
Fixed Function block hod @ [FFB(CTBMBLOCK,0)]: empty
Fixed Function block hod @ [FFB(ANAPUMP,0)]: empty
</CYPRESSTAG>
<CYPRESSTAG name="Port Configuration Details">

------------------------------------------------------------
Port Configuration report
------------------------------------------------------------
     |     |       | Interrupt |                  |              | 
Port | Pin | Fixed |      Type |       Drive Mode |         Name | Connections
-----+-----+-------+-----------+------------------+--------------+------------
   1 |   6 |     * |      NONE |         CMOS_OUT |       LED(0) | 
-----+-----+-------+-----------+------------------+--------------+------------
   2 |   0 |     * |      NONE |         CMOS_OUT |        tx(0) | In(Net_2)
-----+-----+-------+-----------+------------------+--------------+------------
   3 |   0 |     * |      NONE |     HI_Z_DIGITAL | Channel_1(0) | FB(Net_582)
     |   4 |     * |      NONE |     HI_Z_DIGITAL | Channel_2(0) | FB(Net_594)
------------------------------------------------------------------------------
</CYPRESSTAG>
</CYPRESSTAG>
</CYPRESSTAG>
Digital component placer commit/Report: Elapsed time ==> 0s.000ms
Digital Placement phase: Elapsed time ==> 0s.513ms
</CYPRESSTAG>
<CYPRESSTAG name="Digital Routing">
Routing successful.
Digital Routing phase: Elapsed time ==> 0s.529ms
</CYPRESSTAG>
<CYPRESSTAG name="Bitstream and API generation">
Bitstream and API generation phase: Elapsed time ==> 0s.140ms
</CYPRESSTAG>
<CYPRESSTAG name="Bitstream verification">
Bitstream verification phase: Elapsed time ==> 0s.031ms
</CYPRESSTAG>
<CYPRESSTAG name="Static timing analysis">
Timing report is in Dynamixel_Servo_Driver_timing.html.
Static timing analysis phase: Elapsed time ==> 0s.295ms
</CYPRESSTAG>
<CYPRESSTAG name="Data reporting">
Data reporting phase: Elapsed time ==> 0s.000ms
</CYPRESSTAG>
<CYPRESSTAG name="Database update...">
Design database save phase: Elapsed time ==> 0s.171ms
</CYPRESSTAG>
cydsfit: Elapsed time ==> 2s.038ms
</CYPRESSTAG>
Fitter phase: Elapsed time ==> 2s.085ms
API generation phase: Elapsed time ==> 0s.793ms
Dependency generation phase: Elapsed time ==> 0s.015ms
Cleanup phase: Elapsed time ==> 0s.000ms
