--------------- Build Started: 03/04/2015 18:24:20 Project: arm_controller_v2.1, Configuration: ARM GCC 4.8.4 Debug ---------------
cydsfit.exe -.appdatapath "C:\Users\Samuel\AppData\Local\Cypress Semiconductor\PSoC Creator\3.1" -.fdsnotice -.fdswarpdepfile=warp_dependencies.txt -.fdselabdepfile=elab_dependencies.txt -.fdsbldfile=generated_files.txt -p C:\Users\Samuel\Documents\GitHub\BYU-MarsRover\Arm\arm_controller_v2\arm_controller_v2.1.cydsn\arm_controller_v2.1.cyprj -d CY8C4245AXI-483 -s C:\Users\Samuel\Documents\GitHub\BYU-MarsRover\Arm\arm_controller_v2\arm_controller_v2.1.cydsn\Generated_Source\PSoC4 -- -yv2 -q10 -ygs -o2 -v3 -.fftcfgtype=LE
Elaborating Design...
ADD: pft.M0111: information: One or more rows of flash have been configured to be protected; however, debugging has been enabled in the System DWR Editor. This means that while write restrictions are honored flash rows can still be read via SWD or JTAG. To prevent any ability to read the flash rows, disable debugging in the System DWR Editor.
 * C:\Users\Samuel\Documents\GitHub\BYU-MarsRover\Arm\arm_controller_v2\arm_controller_v2.1.cydsn\arm_controller_v2.1.cydwr (Chip Protection)
HDL Generation ...
Synthesis ...
Place and Route ...
Tech mapping ...
Analog Placement ...
Analog Routing ...
Analog Code Generation ...
Digital Placement ...
Digital Routing ...
Bitstream Generation ...
Static timing analysis ...
API Generation ...
Dependency Generation ...
Clean Temporary Files ...
--------------- Build Succeeded: 03/04/2015 18:24:46 ---------------
