--------------- Build Started: 03/09/2015 17:57:01 Project: arm_controller_v2.1, Configuration: ARM GCC 4.8.4 Debug ---------------
cydsfit.exe -.appdatapath "C:\Users\Samuel\AppData\Local\Cypress Semiconductor\PSoC Creator\3.1" -.fdsnotice -.fdswarpdepfile=warp_dependencies.txt -.fdselabdepfile=elab_dependencies.txt -.fdsbldfile=generated_files.txt -p C:\Users\Samuel\Documents\GitHub\BYU-MarsRover\Arm\arm_controller_v2\arm_controller_v2.1.cydsn\arm_controller_v2.1.cyprj -d CY8C4245AXI-483 -s C:\Users\Samuel\Documents\GitHub\BYU-MarsRover\Arm\arm_controller_v2\arm_controller_v2.1.cydsn\Generated_Source\PSoC4 -- -yv2 -q10 -ygs -o2 -v3 -.fftcfgtype=LE
Elaborating Design...
ADD: pft.M0111: information: One or more rows of flash have been configured to be protected; however, debugging has been enabled in the System DWR Editor. This means that while write restrictions are honored flash rows can still be read via SWD or JTAG. To prevent any ability to read the flash rows, disable debugging in the System DWR Editor.
 * C:\Users\Samuel\Documents\GitHub\BYU-MarsRover\Arm\arm_controller_v2\arm_controller_v2.1.cydsn\arm_controller_v2.1.cydwr (Chip Protection)
HDL Generation ...
Synthesis ...
Place and Route ...
Tech mapping ...
Analog Placement ...
Analog Routing ...
Analog Code Generation ...
Digital Placement ...
Digital Routing ...
Bitstream Generation ...
Static timing analysis ...
API Generation ...
Dependency Generation ...
Clean Temporary Files ...
arm-none-eabi-gcc.exe -mcpu=cortex-m0 -mthumb -Wno-main -I. -I.\Generated_Source\PSoC4 -Wa,-alh=.\CortexM0\ARM_GCC_484\Debug/main.lst -g -D DEBUG -Wall -ffunction-sections -O0 -std=gnu99 -c .\main.c -o .\CortexM0\ARM_GCC_484\Debug\main.o
.\main.c: In function 'main':
.\main.c:880:9: warning: unused variable 'direction' [-Wunused-variable]
     int direction = 0;
         ^
arm-none-eabi-gcc.exe -mcpu=cortex-m0 -mthumb -Wno-main -I. -I.\Generated_Source\PSoC4 -Wa,-alh=.\CortexM0\ARM_GCC_484\Debug/spi.lst -g -D DEBUG -Wall -ffunction-sections -O0 -std=gnu99 -c .\spi.c -o .\CortexM0\ARM_GCC_484\Debug\spi.o
arm-none-eabi-gcc.exe -mcpu=cortex-m0 -mthumb -Wno-main -I. -I.\Generated_Source\PSoC4 -Wa,-alh=.\CortexM0\ARM_GCC_484\Debug/wiznet5500.lst -g -D DEBUG -Wall -ffunction-sections -O0 -std=gnu99 -c .\wiznet5500.c -o .\CortexM0\ARM_GCC_484\Debug\wiznet5500.o
.\wiznet5500.c: In function 'wiznetReceive':
.\wiznet5500.c:102:11: warning: unused variable 'recvSize' [-Wunused-variable]
  uint16_t recvSize;
           ^
.\wiznet5500.c: In function 'wiznetPrintRegisters':
.\wiznet5500.c:160:2: warning: implicit declaration of function 'printf' [-Wimplicit-function-declaration]
  printf("\n\t");
  ^
.\wiznet5500.c:160:2: warning: incompatible implicit declaration of built-in function 'printf' [enabled by default]
arm-none-eabi-gcc.exe -mcpu=cortex-m0 -mthumb -Wno-main -I. -I.\Generated_Source\PSoC4 -Wa,-alh=.\CortexM0\ARM_GCC_484\Debug/cyfitter_cfg.lst -g -D DEBUG -Wall -ffunction-sections -O0 -std=gnu99 -c .\Generated_Source\PSoC4\cyfitter_cfg.c -o .\CortexM0\ARM_GCC_484\Debug\cyfitter_cfg.o
arm-none-eabi-gcc.exe -mcpu=cortex-m0 -mthumb -Wno-main -I. -I.\Generated_Source\PSoC4 -Wa,-alh=.\CortexM0\ARM_GCC_484\Debug/cybootloader.lst -g -D DEBUG -Wall -ffunction-sections -O0 -std=gnu99 -c .\Generated_Source\PSoC4\cybootloader.c -o .\CortexM0\ARM_GCC_484\Debug\cybootloader.o
arm-none-eabi-gcc.exe -mcpu=cortex-m0 -mthumb -Wno-main -I. -I.\Generated_Source\PSoC4 -Wa,-alh=.\CortexM0\ARM_GCC_484\Debug/cymetadata.lst -g -D DEBUG -Wall -ffunction-sections -O0 -std=gnu99 -c .\Generated_Source\PSoC4\cymetadata.c -o .\CortexM0\ARM_GCC_484\Debug\cymetadata.o
arm-none-eabi-gcc.exe -mcpu=cortex-m0 -mthumb -Wno-main -I. -I.\Generated_Source\PSoC4 -Wa,-alh=.\CortexM0\ARM_GCC_484\Debug/Clock_counter.lst -g -D DEBUG -Wall -ffunction-sections -O0 -std=gnu99 -c .\Generated_Source\PSoC4\Clock_counter.c -o .\CortexM0\ARM_GCC_484\Debug\Clock_counter.o
arm-none-eabi-gcc.exe -mcpu=cortex-m0 -mthumb -Wno-main -I. -I.\Generated_Source\PSoC4 -Wa,-alh=.\CortexM0\ARM_GCC_484\Debug/Clock_pwm.lst -g -D DEBUG -Wall -ffunction-sections -O0 -std=gnu99 -c .\Generated_Source\PSoC4\Clock_pwm.c -o .\CortexM0\ARM_GCC_484\Debug\Clock_pwm.o
arm-none-eabi-gcc.exe -mcpu=cortex-m0 -mthumb -Wno-main -I. -I.\Generated_Source\PSoC4 -Wa,-alh=.\CortexM0\ARM_GCC_484\Debug/Bootloadable_1.lst -g -D DEBUG -Wall -ffunction-sections -O0 -std=gnu99 -c .\Generated_Source\PSoC4\Bootloadable_1.c -o .\CortexM0\ARM_GCC_484\Debug\Bootloadable_1.o
arm-none-eabi-gcc.exe -mcpu=cortex-m0 -mthumb -Wno-main -I. -I.\Generated_Source\PSoC4 -Wa,-alh=.\CortexM0\ARM_GCC_484\Debug/isr_1.lst -g -D DEBUG -Wall -ffunction-sections -O0 -std=gnu99 -c .\Generated_Source\PSoC4\isr_1.c -o .\CortexM0\ARM_GCC_484\Debug\isr_1.o
arm-none-eabi-gcc.exe -mcpu=cortex-m0 -mthumb -Wno-main -I. -I.\Generated_Source\PSoC4 -Wa,-alh=.\CortexM0\ARM_GCC_484\Debug/Timer_1.lst -g -D DEBUG -Wall -ffunction-sections -O0 -std=gnu99 -c .\Generated_Source\PSoC4\Timer_1.c -o .\CortexM0\ARM_GCC_484\Debug\Timer_1.o
arm-none-eabi-gcc.exe -mcpu=cortex-m0 -mthumb -Wno-main -I. -I.\Generated_Source\PSoC4 -Wa,-alh=.\CortexM0\ARM_GCC_484\Debug/Timer_1_PM.lst -g -D DEBUG -Wall -ffunction-sections -O0 -std=gnu99 -c .\Generated_Source\PSoC4\Timer_1_PM.c -o .\CortexM0\ARM_GCC_484\Debug\Timer_1_PM.o
arm-none-eabi-gcc.exe -mcpu=cortex-m0 -mthumb -Wno-main -I. -I.\Generated_Source\PSoC4 -Wa,-alh=.\CortexM0\ARM_GCC_484\Debug/Cm0Start.lst -g -D DEBUG -Wall -ffunction-sections -O0 -std=gnu99 -c .\Generated_Source\PSoC4\Cm0Start.c -o .\CortexM0\ARM_GCC_484\Debug\Cm0Start.o
arm-none-eabi-as.exe -mcpu=cortex-m0 -mthumb -I. -I.\Generated_Source\PSoC4 -alh=.\CortexM0\ARM_GCC_484\Debug/CyBootAsmGnu.lst -g -W -o .\CortexM0\ARM_GCC_484\Debug\CyBootAsmGnu.o .\Generated_Source\PSoC4\CyBootAsmGnu.s
arm-none-eabi-gcc.exe -mcpu=cortex-m0 -mthumb -Wno-main -I. -I.\Generated_Source\PSoC4 -Wa,-alh=.\CortexM0\ARM_GCC_484\Debug/CyFlash.lst -g -D DEBUG -Wall -ffunction-sections -O0 -std=gnu99 -c .\Generated_Source\PSoC4\CyFlash.c -o .\CortexM0\ARM_GCC_484\Debug\CyFlash.o
arm-none-eabi-gcc.exe -mcpu=cortex-m0 -mthumb -Wno-main -I. -I.\Generated_Source\PSoC4 -Wa,-alh=.\CortexM0\ARM_GCC_484\Debug/CyLib.lst -g -D DEBUG -Wall -ffunction-sections -O0 -std=gnu99 -c .\Generated_Source\PSoC4\CyLib.c -o .\CortexM0\ARM_GCC_484\Debug\CyLib.o
arm-none-eabi-gcc.exe -mcpu=cortex-m0 -mthumb -Wno-main -I. -I.\Generated_Source\PSoC4 -Wa,-alh=.\CortexM0\ARM_GCC_484\Debug/cyPm.lst -g -D DEBUG -Wall -ffunction-sections -O0 -std=gnu99 -c .\Generated_Source\PSoC4\cyPm.c -o .\CortexM0\ARM_GCC_484\Debug\cyPm.o
arm-none-eabi-gcc.exe -mcpu=cortex-m0 -mthumb -Wno-main -I. -I.\Generated_Source\PSoC4 -Wa,-alh=.\CortexM0\ARM_GCC_484\Debug/cyutils.lst -g -D DEBUG -Wall -ffunction-sections -O0 -std=gnu99 -c .\Generated_Source\PSoC4\cyutils.c -o .\CortexM0\ARM_GCC_484\Debug\cyutils.o
arm-none-eabi-gcc.exe -mcpu=cortex-m0 -mthumb -Wno-main -I. -I.\Generated_Source\PSoC4 -Wa,-alh=.\CortexM0\ARM_GCC_484\Debug/UART_1.lst -g -D DEBUG -Wall -ffunction-sections -O0 -std=gnu99 -c .\Generated_Source\PSoC4\UART_1.c -o .\CortexM0\ARM_GCC_484\Debug\UART_1.o
arm-none-eabi-gcc.exe -mcpu=cortex-m0 -mthumb -Wno-main -I. -I.\Generated_Source\PSoC4 -Wa,-alh=.\CortexM0\ARM_GCC_484\Debug/UART_1_SPI_UART.lst -g -D DEBUG -Wall -ffunction-sections -O0 -std=gnu99 -c .\Generated_Source\PSoC4\UART_1_SPI_UART.c -o .\CortexM0\ARM_GCC_484\Debug\UART_1_SPI_UART.o
arm-none-eabi-gcc.exe -mcpu=cortex-m0 -mthumb -Wno-main -I. -I.\Generated_Source\PSoC4 -Wa,-alh=.\CortexM0\ARM_GCC_484\Debug/UART_1_SPI_UART_INT.lst -g -D DEBUG -Wall -ffunction-sections -O0 -std=gnu99 -c .\Generated_Source\PSoC4\UART_1_SPI_UART_INT.c -o .\CortexM0\ARM_GCC_484\Debug\UART_1_SPI_UART_INT.o
arm-none-eabi-gcc.exe -mcpu=cortex-m0 -mthumb -Wno-main -I. -I.\Generated_Source\PSoC4 -Wa,-alh=.\CortexM0\ARM_GCC_484\Debug/UART_1_PM.lst -g -D DEBUG -Wall -ffunction-sections -O0 -std=gnu99 -c .\Generated_Source\PSoC4\UART_1_PM.c -o .\CortexM0\ARM_GCC_484\Debug\UART_1_PM.o
arm-none-eabi-gcc.exe -mcpu=cortex-m0 -mthumb -Wno-main -I. -I.\Generated_Source\PSoC4 -Wa,-alh=.\CortexM0\ARM_GCC_484\Debug/UART_1_UART.lst -g -D DEBUG -Wall -ffunction-sections -O0 -std=gnu99 -c .\Generated_Source\PSoC4\UART_1_UART.c -o .\CortexM0\ARM_GCC_484\Debug\UART_1_UART.o
arm-none-eabi-gcc.exe -mcpu=cortex-m0 -mthumb -Wno-main -I. -I.\Generated_Source\PSoC4 -Wa,-alh=.\CortexM0\ARM_GCC_484\Debug/UART_1_BOOT.lst -g -D DEBUG -Wall -ffunction-sections -O0 -std=gnu99 -c .\Generated_Source\PSoC4\UART_1_BOOT.c -o .\CortexM0\ARM_GCC_484\Debug\UART_1_BOOT.o
arm-none-eabi-gcc.exe -mcpu=cortex-m0 -mthumb -Wno-main -I. -I.\Generated_Source\PSoC4 -Wa,-alh=.\CortexM0\ARM_GCC_484\Debug/UART_1_UART_BOOT.lst -g -D DEBUG -Wall -ffunction-sections -O0 -std=gnu99 -c .\Generated_Source\PSoC4\UART_1_UART_BOOT.c -o .\CortexM0\ARM_GCC_484\Debug\UART_1_UART_BOOT.o
arm-none-eabi-gcc.exe -mcpu=cortex-m0 -mthumb -Wno-main -I. -I.\Generated_Source\PSoC4 -Wa,-alh=.\CortexM0\ARM_GCC_484\Debug/UART_1_SCBCLK.lst -g -D DEBUG -Wall -ffunction-sections -O0 -std=gnu99 -c .\Generated_Source\PSoC4\UART_1_SCBCLK.c -o .\CortexM0\ARM_GCC_484\Debug\UART_1_SCBCLK.o
arm-none-eabi-gcc.exe -mcpu=cortex-m0 -mthumb -Wno-main -I. -I.\Generated_Source\PSoC4 -Wa,-alh=.\CortexM0\ARM_GCC_484\Debug/UART_1_tx.lst -g -D DEBUG -Wall -ffunction-sections -O0 -std=gnu99 -c .\Generated_Source\PSoC4\UART_1_tx.c -o .\CortexM0\ARM_GCC_484\Debug\UART_1_tx.o
arm-none-eabi-gcc.exe -mcpu=cortex-m0 -mthumb -Wno-main -I. -I.\Generated_Source\PSoC4 -Wa,-alh=.\CortexM0\ARM_GCC_484\Debug/UART_1_rx.lst -g -D DEBUG -Wall -ffunction-sections -O0 -std=gnu99 -c .\Generated_Source\PSoC4\UART_1_rx.c -o .\CortexM0\ARM_GCC_484\Debug\UART_1_rx.o
arm-none-eabi-gcc.exe -mcpu=cortex-m0 -mthumb -Wno-main -I. -I.\Generated_Source\PSoC4 -Wa,-alh=.\CortexM0\ARM_GCC_484\Debug/WIZ_RDY.lst -g -D DEBUG -Wall -ffunction-sections -O0 -std=gnu99 -c .\Generated_Source\PSoC4\WIZ_RDY.c -o .\CortexM0\ARM_GCC_484\Debug\WIZ_RDY.o
arm-none-eabi-gcc.exe -mcpu=cortex-m0 -mthumb -Wno-main -I. -I.\Generated_Source\PSoC4 -Wa,-alh=.\CortexM0\ARM_GCC_484\Debug/WIZ_INT.lst -g -D DEBUG -Wall -ffunction-sections -O0 -std=gnu99 -c .\Generated_Source\PSoC4\WIZ_INT.c -o .\CortexM0\ARM_GCC_484\Debug\WIZ_INT.o
arm-none-eabi-gcc.exe -mcpu=cortex-m0 -mthumb -Wno-main -I. -I.\Generated_Source\PSoC4 -Wa,-alh=.\CortexM0\ARM_GCC_484\Debug/WIZ_RST.lst -g -D DEBUG -Wall -ffunction-sections -O0 -std=gnu99 -c .\Generated_Source\PSoC4\WIZ_RST.c -o .\CortexM0\ARM_GCC_484\Debug\WIZ_RST.o
arm-none-eabi-gcc.exe -mcpu=cortex-m0 -mthumb -Wno-main -I. -I.\Generated_Source\PSoC4 -Wa,-alh=.\CortexM0\ARM_GCC_484\Debug/WIZ_SS.lst -g -D DEBUG -Wall -ffunction-sections -O0 -std=gnu99 -c .\Generated_Source\PSoC4\WIZ_SS.c -o .\CortexM0\ARM_GCC_484\Debug\WIZ_SS.o
arm-none-eabi-gcc.exe -mcpu=cortex-m0 -mthumb -Wno-main -I. -I.\Generated_Source\PSoC4 -Wa,-alh=.\CortexM0\ARM_GCC_484\Debug/elbow.lst -g -D DEBUG -Wall -ffunction-sections -O0 -std=gnu99 -c .\Generated_Source\PSoC4\elbow.c -o .\CortexM0\ARM_GCC_484\Debug\elbow.o
arm-none-eabi-gcc.exe -mcpu=cortex-m0 -mthumb -Wno-main -I. -I.\Generated_Source\PSoC4 -Wa,-alh=.\CortexM0\ARM_GCC_484\Debug/baseAzimuth.lst -g -D DEBUG -Wall -ffunction-sections -O0 -std=gnu99 -c .\Generated_Source\PSoC4\baseAzimuth.c -o .\CortexM0\ARM_GCC_484\Debug\baseAzimuth.o
arm-none-eabi-gcc.exe -mcpu=cortex-m0 -mthumb -Wno-main -I. -I.\Generated_Source\PSoC4 -Wa,-alh=.\CortexM0\ARM_GCC_484\Debug/ADC.lst -g -D DEBUG -Wall -ffunction-sections -O0 -std=gnu99 -c .\Generated_Source\PSoC4\ADC.c -o .\CortexM0\ARM_GCC_484\Debug\ADC.o
arm-none-eabi-gcc.exe -mcpu=cortex-m0 -mthumb -Wno-main -I. -I.\Generated_Source\PSoC4 -Wa,-alh=.\CortexM0\ARM_GCC_484\Debug/ADC_PM.lst -g -D DEBUG -Wall -ffunction-sections -O0 -std=gnu99 -c .\Generated_Source\PSoC4\ADC_PM.c -o .\CortexM0\ARM_GCC_484\Debug\ADC_PM.o
arm-none-eabi-gcc.exe -mcpu=cortex-m0 -mthumb -Wno-main -I. -I.\Generated_Source\PSoC4 -Wa,-alh=.\CortexM0\ARM_GCC_484\Debug/ADC_INT.lst -g -D DEBUG -Wall -ffunction-sections -O0 -std=gnu99 -c .\Generated_Source\PSoC4\ADC_INT.c -o .\CortexM0\ARM_GCC_484\Debug\ADC_INT.o
arm-none-eabi-gcc.exe -mcpu=cortex-m0 -mthumb -Wno-main -I. -I.\Generated_Source\PSoC4 -Wa,-alh=.\CortexM0\ARM_GCC_484\Debug/pot_elbow.lst -g -D DEBUG -Wall -ffunction-sections -O0 -std=gnu99 -c .\Generated_Source\PSoC4\pot_elbow.c -o .\CortexM0\ARM_GCC_484\Debug\pot_elbow.o
arm-none-eabi-gcc.exe -mcpu=cortex-m0 -mthumb -Wno-main -I. -I.\Generated_Source\PSoC4 -Wa,-alh=.\CortexM0\ARM_GCC_484\Debug/pot_shoulder.lst -g -D DEBUG -Wall -ffunction-sections -O0 -std=gnu99 -c .\Generated_Source\PSoC4\pot_shoulder.c -o .\CortexM0\ARM_GCC_484\Debug\pot_shoulder.o
arm-none-eabi-gcc.exe -mcpu=cortex-m0 -mthumb -Wno-main -I. -I.\Generated_Source\PSoC4 -Wa,-alh=.\CortexM0\ARM_GCC_484\Debug/ADC_IRQ.lst -g -D DEBUG -Wall -ffunction-sections -O0 -std=gnu99 -c .\Generated_Source\PSoC4\ADC_IRQ.c -o .\CortexM0\ARM_GCC_484\Debug\ADC_IRQ.o
arm-none-eabi-gcc.exe -mcpu=cortex-m0 -mthumb -Wno-main -I. -I.\Generated_Source\PSoC4 -Wa,-alh=.\CortexM0\ARM_GCC_484\Debug/ADC_intClock.lst -g -D DEBUG -Wall -ffunction-sections -O0 -std=gnu99 -c .\Generated_Source\PSoC4\ADC_intClock.c -o .\CortexM0\ARM_GCC_484\Debug\ADC_intClock.o
arm-none-eabi-gcc.exe -mcpu=cortex-m0 -mthumb -Wno-main -I. -I.\Generated_Source\PSoC4 -Wa,-alh=.\CortexM0\ARM_GCC_484\Debug/shoulder.lst -g -D DEBUG -Wall -ffunction-sections -O0 -std=gnu99 -c .\Generated_Source\PSoC4\shoulder.c -o .\CortexM0\ARM_GCC_484\Debug\shoulder.o
arm-none-eabi-gcc.exe -mcpu=cortex-m0 -mthumb -Wno-main -I. -I.\Generated_Source\PSoC4 -Wa,-alh=.\CortexM0\ARM_GCC_484\Debug/SPI_1.lst -g -D DEBUG -Wall -ffunction-sections -O0 -std=gnu99 -c .\Generated_Source\PSoC4\SPI_1.c -o .\CortexM0\ARM_GCC_484\Debug\SPI_1.o
arm-none-eabi-gcc.exe -mcpu=cortex-m0 -mthumb -Wno-main -I. -I.\Generated_Source\PSoC4 -Wa,-alh=.\CortexM0\ARM_GCC_484\Debug/SPI_1_SPI_UART.lst -g -D DEBUG -Wall -ffunction-sections -O0 -std=gnu99 -c .\Generated_Source\PSoC4\SPI_1_SPI_UART.c -o .\CortexM0\ARM_GCC_484\Debug\SPI_1_SPI_UART.o
arm-none-eabi-gcc.exe -mcpu=cortex-m0 -mthumb -Wno-main -I. -I.\Generated_Source\PSoC4 -Wa,-alh=.\CortexM0\ARM_GCC_484\Debug/SPI_1_PM.lst -g -D DEBUG -Wall -ffunction-sections -O0 -std=gnu99 -c .\Generated_Source\PSoC4\SPI_1_PM.c -o .\CortexM0\ARM_GCC_484\Debug\SPI_1_PM.o
arm-none-eabi-gcc.exe -mcpu=cortex-m0 -mthumb -Wno-main -I. -I.\Generated_Source\PSoC4 -Wa,-alh=.\CortexM0\ARM_GCC_484\Debug/SPI_1_SPI.lst -g -D DEBUG -Wall -ffunction-sections -O0 -std=gnu99 -c .\Generated_Source\PSoC4\SPI_1_SPI.c -o .\CortexM0\ARM_GCC_484\Debug\SPI_1_SPI.o
arm-none-eabi-gcc.exe -mcpu=cortex-m0 -mthumb -Wno-main -I. -I.\Generated_Source\PSoC4 -Wa,-alh=.\CortexM0\ARM_GCC_484\Debug/SPI_1_BOOT.lst -g -D DEBUG -Wall -ffunction-sections -O0 -std=gnu99 -c .\Generated_Source\PSoC4\SPI_1_BOOT.c -o .\CortexM0\ARM_GCC_484\Debug\SPI_1_BOOT.o
arm-none-eabi-gcc.exe -mcpu=cortex-m0 -mthumb -Wno-main -I. -I.\Generated_Source\PSoC4 -Wa,-alh=.\CortexM0\ARM_GCC_484\Debug/SPI_1_SPI_BOOT.lst -g -D DEBUG -Wall -ffunction-sections -O0 -std=gnu99 -c .\Generated_Source\PSoC4\SPI_1_SPI_BOOT.c -o .\CortexM0\ARM_GCC_484\Debug\SPI_1_SPI_BOOT.o
arm-none-eabi-gcc.exe -mcpu=cortex-m0 -mthumb -Wno-main -I. -I.\Generated_Source\PSoC4 -Wa,-alh=.\CortexM0\ARM_GCC_484\Debug/SPI_1_SCBCLK.lst -g -D DEBUG -Wall -ffunction-sections -O0 -std=gnu99 -c .\Generated_Source\PSoC4\SPI_1_SCBCLK.c -o .\CortexM0\ARM_GCC_484\Debug\SPI_1_SCBCLK.o
arm-none-eabi-gcc.exe -mcpu=cortex-m0 -mthumb -Wno-main -I. -I.\Generated_Source\PSoC4 -Wa,-alh=.\CortexM0\ARM_GCC_484\Debug/SPI_1_ss_s.lst -g -D DEBUG -Wall -ffunction-sections -O0 -std=gnu99 -c .\Generated_Source\PSoC4\SPI_1_ss_s.c -o .\CortexM0\ARM_GCC_484\Debug\SPI_1_ss_s.o
arm-none-eabi-gcc.exe -mcpu=cortex-m0 -mthumb -Wno-main -I. -I.\Generated_Source\PSoC4 -Wa,-alh=.\CortexM0\ARM_GCC_484\Debug/SPI_1_miso_s.lst -g -D DEBUG -Wall -ffunction-sections -O0 -std=gnu99 -c .\Generated_Source\PSoC4\SPI_1_miso_s.c -o .\CortexM0\ARM_GCC_484\Debug\SPI_1_miso_s.o
arm-none-eabi-gcc.exe -mcpu=cortex-m0 -mthumb -Wno-main -I. -I.\Generated_Source\PSoC4 -Wa,-alh=.\CortexM0\ARM_GCC_484\Debug/SPI_1_sclk_s.lst -g -D DEBUG -Wall -ffunction-sections -O0 -std=gnu99 -c .\Generated_Source\PSoC4\SPI_1_sclk_s.c -o .\CortexM0\ARM_GCC_484\Debug\SPI_1_sclk_s.o
arm-none-eabi-gcc.exe -mcpu=cortex-m0 -mthumb -Wno-main -I. -I.\Generated_Source\PSoC4 -Wa,-alh=.\CortexM0\ARM_GCC_484\Debug/SPI_1_mosi_s.lst -g -D DEBUG -Wall -ffunction-sections -O0 -std=gnu99 -c .\Generated_Source\PSoC4\SPI_1_mosi_s.c -o .\CortexM0\ARM_GCC_484\Debug\SPI_1_mosi_s.o
arm-none-eabi-gcc.exe -mcpu=cortex-m0 -mthumb -Wno-main -I. -I.\Generated_Source\PSoC4 -Wa,-alh=.\CortexM0\ARM_GCC_484\Debug/user_test.lst -g -D DEBUG -Wall -ffunction-sections -O0 -std=gnu99 -c .\Generated_Source\PSoC4\user_test.c -o .\CortexM0\ARM_GCC_484\Debug\user_test.o
arm-none-eabi-gcc.exe -mcpu=cortex-m0 -mthumb -Wno-main -I. -I.\Generated_Source\PSoC4 -Wa,-alh=.\CortexM0\ARM_GCC_484\Debug/BA_PWM.lst -g -D DEBUG -Wall -ffunction-sections -O0 -std=gnu99 -c .\Generated_Source\PSoC4\BA_PWM.c -o .\CortexM0\ARM_GCC_484\Debug\BA_PWM.o
arm-none-eabi-gcc.exe -mcpu=cortex-m0 -mthumb -Wno-main -I. -I.\Generated_Source\PSoC4 -Wa,-alh=.\CortexM0\ARM_GCC_484\Debug/BA_PWM_PM.lst -g -D DEBUG -Wall -ffunction-sections -O0 -std=gnu99 -c .\Generated_Source\PSoC4\BA_PWM_PM.c -o .\CortexM0\ARM_GCC_484\Debug\BA_PWM_PM.o
arm-none-eabi-gcc.exe -mcpu=cortex-m0 -mthumb -Wno-main -I. -I.\Generated_Source\PSoC4 -Wa,-alh=.\CortexM0\ARM_GCC_484\Debug/ELBW_PWM.lst -g -D DEBUG -Wall -ffunction-sections -O0 -std=gnu99 -c .\Generated_Source\PSoC4\ELBW_PWM.c -o .\CortexM0\ARM_GCC_484\Debug\ELBW_PWM.o
arm-none-eabi-gcc.exe -mcpu=cortex-m0 -mthumb -Wno-main -I. -I.\Generated_Source\PSoC4 -Wa,-alh=.\CortexM0\ARM_GCC_484\Debug/ELBW_PWM_PM.lst -g -D DEBUG -Wall -ffunction-sections -O0 -std=gnu99 -c .\Generated_Source\PSoC4\ELBW_PWM_PM.c -o .\CortexM0\ARM_GCC_484\Debug\ELBW_PWM_PM.o
arm-none-eabi-gcc.exe -mcpu=cortex-m0 -mthumb -Wno-main -I. -I.\Generated_Source\PSoC4 -Wa,-alh=.\CortexM0\ARM_GCC_484\Debug/SHLDR_PWM.lst -g -D DEBUG -Wall -ffunction-sections -O0 -std=gnu99 -c .\Generated_Source\PSoC4\SHLDR_PWM.c -o .\CortexM0\ARM_GCC_484\Debug\SHLDR_PWM.o
arm-none-eabi-gcc.exe -mcpu=cortex-m0 -mthumb -Wno-main -I. -I.\Generated_Source\PSoC4 -Wa,-alh=.\CortexM0\ARM_GCC_484\Debug/SHLDR_PWM_PM.lst -g -D DEBUG -Wall -ffunction-sections -O0 -std=gnu99 -c .\Generated_Source\PSoC4\SHLDR_PWM_PM.c -o .\CortexM0\ARM_GCC_484\Debug\SHLDR_PWM_PM.o
arm-none-eabi-ar.exe -rs .\CortexM0\ARM_GCC_484\Debug\arm_controller_v2.1.a .\CortexM0\ARM_GCC_484\Debug\cyfitter_cfg.o .\CortexM0\ARM_GCC_484\Debug\Clock_counter.o .\CortexM0\ARM_GCC_484\Debug\Clock_pwm.o .\CortexM0\ARM_GCC_484\Debug\Bootloadable_1.o .\CortexM0\ARM_GCC_484\Debug\isr_1.o .\CortexM0\ARM_GCC_484\Debug\Timer_1.o .\CortexM0\ARM_GCC_484\Debug\Timer_1_PM.o .\CortexM0\ARM_GCC_484\Debug\CyBootAsmGnu.o .\CortexM0\ARM_GCC_484\Debug\CyFlash.o .\CortexM0\ARM_GCC_484\Debug\CyLib.o .\CortexM0\ARM_GCC_484\Debug\cyPm.o .\CortexM0\ARM_GCC_484\Debug\cyutils.o .\CortexM0\ARM_GCC_484\Debug\UART_1.o .\CortexM0\ARM_GCC_484\Debug\UART_1_SPI_UART.o .\CortexM0\ARM_GCC_484\Debug\UART_1_SPI_UART_INT.o .\CortexM0\ARM_GCC_484\Debug\UART_1_PM.o .\CortexM0\ARM_GCC_484\Debug\UART_1_UART.o .\CortexM0\ARM_GCC_484\Debug\UART_1_BOOT.o .\CortexM0\ARM_GCC_484\Debug\UART_1_UART_BOOT.o .\CortexM0\ARM_GCC_484\Debug\UART_1_SCBCLK.o .\CortexM0\ARM_GCC_484\Debug\UART_1_tx.o .\CortexM0\ARM_GCC_484\Debug\UART_1_rx.o .\CortexM0\ARM_GCC_484\Debug\WIZ_RDY.o .\CortexM0\ARM_GCC_484\Debug\WIZ_INT.o .\CortexM0\ARM_GCC_484\Debug\WIZ_RST.o .\CortexM0\ARM_GCC_484\Debug\WIZ_SS.o .\CortexM0\ARM_GCC_484\Debug\elbow.o .\CortexM0\ARM_GCC_484\Debug\baseAzimuth.o .\CortexM0\ARM_GCC_484\Debug\ADC.o .\CortexM0\ARM_GCC_484\Debug\ADC_PM.o .\CortexM0\ARM_GCC_484\Debug\ADC_INT.o .\CortexM0\ARM_GCC_484\Debug\pot_elbow.o .\CortexM0\ARM_GCC_484\Debug\pot_shoulder.o .\CortexM0\ARM_GCC_484\Debug\ADC_IRQ.o .\CortexM0\ARM_GCC_484\Debug\ADC_intClock.o .\CortexM0\ARM_GCC_484\Debug\shoulder.o .\CortexM0\ARM_GCC_484\Debug\SPI_1.o .\CortexM0\ARM_GCC_484\Debug\SPI_1_SPI_UART.o .\CortexM0\ARM_GCC_484\Debug\SPI_1_PM.o .\CortexM0\ARM_GCC_484\Debug\SPI_1_SPI.o .\CortexM0\ARM_GCC_484\Debug\SPI_1_BOOT.o .\CortexM0\ARM_GCC_484\Debug\SPI_1_SPI_BOOT.o .\CortexM0\ARM_GCC_484\Debug\SPI_1_SCBCLK.o .\CortexM0\ARM_GCC_484\Debug\SPI_1_ss_s.o .\CortexM0\ARM_GCC_484\Debug\SPI_1_miso_s.o .\CortexM0\ARM_GCC_484\Debug\SPI_1_sclk_s.o .\CortexM0\ARM_GCC_484\Debug\SPI_1_mosi_s.o .\CortexM0\ARM_GCC_484\Debug\user_test.o .\CortexM0\ARM_GCC_484\Debug\BA_PWM.o .\CortexM0\ARM_GCC_484\Debug\BA_PWM_PM.o .\CortexM0\ARM_GCC_484\Debug\ELBW_PWM.o .\CortexM0\ARM_GCC_484\Debug\ELBW_PWM_PM.o .\CortexM0\ARM_GCC_484\Debug\SHLDR_PWM.o .\CortexM0\ARM_GCC_484\Debug\SHLDR_PWM_PM.o
arm-none-eabi-ar.exe: creating .\CortexM0\ARM_GCC_484\Debug\arm_controller_v2.1.a
arm-none-eabi-gcc.exe -Wl,--start-group -o .\CortexM0\ARM_GCC_484\Debug\arm_controller_v2.1.elf .\CortexM0\ARM_GCC_484\Debug\main.o .\CortexM0\ARM_GCC_484\Debug\spi.o .\CortexM0\ARM_GCC_484\Debug\wiznet5500.o .\CortexM0\ARM_GCC_484\Debug\cybootloader.o .\CortexM0\ARM_GCC_484\Debug\cymetadata.o .\CortexM0\ARM_GCC_484\Debug\Cm0Start.o .\CortexM0\ARM_GCC_484\Debug\arm_controller_v2.1.a "C:\Program Files (x86)\Cypress\PSoC Creator\3.1\PSoC Creator\psoc\content\cycomponentlibrary\CyComponentLibrary.cylib\CortexM0\ARM_GCC_484\Debug\CyComponentLibrary.a" -mthumb -march=armv6-m -Wl,-Map,.\CortexM0\ARM_GCC_484\Debug/arm_controller_v2.1.map -T .\Generated_Source\PSoC4\cm0gcc.ld -g -specs=nano.specs "-u _printf_float" "" -Wl,--gc-sections -Wl,--end-group
cyelftool.exe -B C:\Users\Samuel\Documents\GitHub\BYU-MarsRover\Arm\arm_controller_v2\arm_controller_v2.1.cydsn\CortexM0\ARM_GCC_484\Debug\arm_controller_v2.1.elf --flash_row_size 128 --flash_size 32768 --flash_array_size 32768
cyelftool.exe -S C:\Users\Samuel\Documents\GitHub\BYU-MarsRover\Arm\arm_controller_v2\arm_controller_v2.1.cydsn\CortexM0\ARM_GCC_484\Debug\arm_controller_v2.1.elf
Flash used: 12368 of 32768 bytes (37.7 %). Bootloader: 3840 bytes. Application: 8528 bytes
SRAM used: 1832 of 4096 bytes (44.7 %). Stack: 1024 bytes. Heap: 128 bytes.
--------------- Build Succeeded: 03/09/2015 17:57:49 ---------------
